nohup: ignoring input
Files already downloaded and verified
Files already downloaded and verified
EPOCH 001 starts at 2024-02-29 20:07:07
LOSS train 0.08749067 valid 0.17522800
LOSS valid PSNR 7.56 dB. 

EPOCH 002 starts at 2024-02-29 20:07:11
LOSS train 0.07818926 valid 0.15109503
LOSS valid PSNR 8.21 dB. 

EPOCH 003 starts at 2024-02-29 20:07:14
LOSS train 0.06621926 valid 0.13279891
LOSS valid PSNR 8.77 dB. 

EPOCH 004 starts at 2024-02-29 20:07:18
LOSS train 0.05964592 valid 0.12152773
LOSS valid PSNR 9.15 dB. 

EPOCH 005 starts at 2024-02-29 20:07:21
LOSS train 0.05515282 valid 0.11343883
LOSS valid PSNR 9.45 dB. 

EPOCH 006 starts at 2024-02-29 20:07:25
LOSS train 0.05087554 valid 0.10373491
LOSS valid PSNR 9.84 dB. 

EPOCH 007 starts at 2024-02-29 20:07:28
LOSS train 0.04693853 valid 0.09824007
LOSS valid PSNR 10.08 dB. 

EPOCH 008 starts at 2024-02-29 20:07:32
LOSS train 0.04319601 valid 0.08816995
LOSS valid PSNR 10.55 dB. 

EPOCH 009 starts at 2024-02-29 20:07:35
LOSS train 0.03992136 valid 0.08554766
LOSS valid PSNR 10.68 dB. 

EPOCH 010 starts at 2024-02-29 20:07:39
LOSS train 0.04003252 valid 0.07884523
LOSS valid PSNR 11.03 dB. 

EPOCH 011 starts at 2024-02-29 20:07:43
LOSS train 0.03694593 valid 0.07624112
LOSS valid PSNR 11.18 dB. 

EPOCH 012 starts at 2024-02-29 20:07:46
LOSS train 0.03501078 valid 0.07353275
LOSS valid PSNR 11.34 dB. 

EPOCH 013 starts at 2024-02-29 20:07:50
LOSS train 0.03340998 valid 0.06938071
LOSS valid PSNR 11.59 dB. 

EPOCH 014 starts at 2024-02-29 20:07:53
LOSS train 0.03207146 valid 0.06743447
LOSS valid PSNR 11.71 dB. 

EPOCH 015 starts at 2024-02-29 20:07:57
LOSS train 0.03083844 valid 0.06468479
LOSS valid PSNR 11.89 dB. 

EPOCH 016 starts at 2024-02-29 20:08:01
LOSS train 0.02979997 valid 0.06259720
LOSS valid PSNR 12.03 dB. 

EPOCH 017 starts at 2024-02-29 20:08:04
LOSS train 0.02883324 valid 0.06083258
LOSS valid PSNR 12.16 dB. 

EPOCH 018 starts at 2024-02-29 20:08:08
LOSS train 0.02805632 valid 0.05935206
LOSS valid PSNR 12.27 dB. 

EPOCH 019 starts at 2024-02-29 20:08:12
LOSS train 0.02755927 valid 0.05935485
LOSS valid PSNR 12.27 dB. 

EPOCH 020 starts at 2024-02-29 20:08:15
LOSS train 0.02747017 valid 0.05704149
LOSS valid PSNR 12.44 dB. 

EPOCH 021 starts at 2024-02-29 20:08:19
LOSS train 0.02684349 valid 0.05737102
LOSS valid PSNR 12.41 dB. 

EPOCH 022 starts at 2024-02-29 20:08:23
LOSS train 0.02621620 valid 0.05494714
LOSS valid PSNR 12.60 dB. 

EPOCH 023 starts at 2024-02-29 20:08:26
LOSS train 0.02550404 valid 0.05389058
LOSS valid PSNR 12.68 dB. 

EPOCH 024 starts at 2024-02-29 20:08:30
LOSS train 0.02491231 valid 0.05266922
LOSS valid PSNR 12.78 dB. 

EPOCH 025 starts at 2024-02-29 20:08:34
LOSS train 0.02435951 valid 0.05140749
LOSS valid PSNR 12.89 dB. 

EPOCH 026 starts at 2024-02-29 20:08:37
LOSS train 0.02387204 valid 0.05070351
LOSS valid PSNR 12.95 dB. 

EPOCH 027 starts at 2024-02-29 20:08:41
LOSS train 0.02358719 valid 0.04964624
LOSS valid PSNR 13.04 dB. 

EPOCH 028 starts at 2024-02-29 20:08:45
LOSS train 0.02322361 valid 0.04998656
LOSS valid PSNR 13.01 dB. 

EPOCH 029 starts at 2024-02-29 20:08:48
LOSS train 0.02302162 valid 0.04859181
LOSS valid PSNR 13.13 dB. 

EPOCH 030 starts at 2024-02-29 20:08:52
LOSS train 0.02259562 valid 0.04822311
LOSS valid PSNR 13.17 dB. 

EPOCH 031 starts at 2024-02-29 20:08:55
LOSS train 0.02297957 valid 0.04990243
LOSS valid PSNR 13.02 dB. 

EPOCH 032 starts at 2024-02-29 20:08:59
LOSS train 0.02291050 valid 0.04920764
LOSS valid PSNR 13.08 dB. 

EPOCH 033 starts at 2024-02-29 20:09:02
LOSS train 0.02234968 valid 0.04676307
LOSS valid PSNR 13.30 dB. 

EPOCH 034 starts at 2024-02-29 20:09:06
LOSS train 0.02201864 valid 0.04682961
LOSS valid PSNR 13.29 dB. 

EPOCH 035 starts at 2024-02-29 20:09:09
LOSS train 0.02164129 valid 0.04557306
LOSS valid PSNR 13.41 dB. 

EPOCH 036 starts at 2024-02-29 20:09:13
LOSS train 0.02114301 valid 0.04393550
LOSS valid PSNR 13.57 dB. 

EPOCH 037 starts at 2024-02-29 20:09:17
LOSS train 0.02056684 valid 0.05495461
LOSS valid PSNR 12.60 dB. 

EPOCH 038 starts at 2024-02-29 20:09:20
LOSS train 0.02441853 valid 0.05350159
LOSS valid PSNR 12.72 dB. 

EPOCH 039 starts at 2024-02-29 20:09:24
LOSS train 0.02345271 valid 0.04846835
LOSS valid PSNR 13.15 dB. 

EPOCH 040 starts at 2024-02-29 20:09:27
LOSS train 0.02220062 valid 0.04693054
LOSS valid PSNR 13.29 dB. 

EPOCH 041 starts at 2024-02-29 20:09:31
LOSS train 0.02127126 valid 0.04433911
LOSS valid PSNR 13.53 dB. 

EPOCH 042 starts at 2024-02-29 20:09:35
LOSS train 0.02015724 valid 0.04145332
LOSS valid PSNR 13.82 dB. 

EPOCH 043 starts at 2024-02-29 20:09:39
LOSS train 0.01920626 valid 0.03989122
LOSS valid PSNR 13.99 dB. 

EPOCH 044 starts at 2024-02-29 20:09:43
LOSS train 0.01853489 valid 0.03923514
LOSS valid PSNR 14.06 dB. 

EPOCH 045 starts at 2024-02-29 20:09:46
LOSS train 0.01832631 valid 0.03874264
LOSS valid PSNR 14.12 dB. 

EPOCH 046 starts at 2024-02-29 20:09:50
LOSS train 0.01804109 valid 0.03817172
LOSS valid PSNR 14.18 dB. 

EPOCH 047 starts at 2024-02-29 20:09:53
LOSS train 0.01776931 valid 0.03782253
LOSS valid PSNR 14.22 dB. 

EPOCH 048 starts at 2024-02-29 20:09:57
LOSS train 0.01765675 valid 0.03752371
LOSS valid PSNR 14.26 dB. 

EPOCH 049 starts at 2024-02-29 20:10:00
LOSS train 0.01750396 valid 0.03740616
LOSS valid PSNR 14.27 dB. 

EPOCH 050 starts at 2024-02-29 20:10:04
LOSS train 0.01794641 valid 0.03741684
LOSS valid PSNR 14.27 dB. 

EPOCH 051 starts at 2024-02-29 20:10:08
LOSS train 0.01767408 valid 0.03722724
LOSS valid PSNR 14.29 dB. 

EPOCH 052 starts at 2024-02-29 20:10:11
LOSS train 0.01732567 valid 0.03691750
LOSS valid PSNR 14.33 dB. 

EPOCH 053 starts at 2024-02-29 20:10:15
LOSS train 0.01711331 valid 0.03651174
LOSS valid PSNR 14.38 dB. 

EPOCH 054 starts at 2024-02-29 20:10:19
LOSS train 0.01702408 valid 0.03626704
LOSS valid PSNR 14.40 dB. 

EPOCH 055 starts at 2024-02-29 20:10:23
LOSS train 0.01696016 valid 0.03623567
LOSS valid PSNR 14.41 dB. 

EPOCH 056 starts at 2024-02-29 20:10:26
LOSS train 0.01688495 valid 0.03608280
LOSS valid PSNR 14.43 dB. 

EPOCH 057 starts at 2024-02-29 20:10:30
LOSS train 0.01686454 valid 0.03584741
LOSS valid PSNR 14.46 dB. 

EPOCH 058 starts at 2024-02-29 20:10:34
LOSS train 0.01683678 valid 0.03584649
LOSS valid PSNR 14.46 dB. 

EPOCH 059 starts at 2024-02-29 20:10:37
LOSS train 0.01665448 valid 0.03550151
LOSS valid PSNR 14.50 dB. 

EPOCH 060 starts at 2024-02-29 20:10:41
LOSS train 0.01658043 valid 0.03503266
LOSS valid PSNR 14.56 dB. 

EPOCH 061 starts at 2024-02-29 20:10:44
LOSS train 0.01644190 valid 0.03496068
LOSS valid PSNR 14.56 dB. 

EPOCH 062 starts at 2024-02-29 20:10:48
LOSS train 0.01635894 valid 0.03480984
LOSS valid PSNR 14.58 dB. 

EPOCH 063 starts at 2024-02-29 20:10:52
LOSS train 0.01624941 valid 0.03445740
LOSS valid PSNR 14.63 dB. 

EPOCH 064 starts at 2024-02-29 20:10:55
LOSS train 0.01612972 valid 0.03487389
LOSS valid PSNR 14.57 dB. 

EPOCH 065 starts at 2024-02-29 20:10:59
LOSS train 0.01648214 valid 0.03453319
LOSS valid PSNR 14.62 dB. 

EPOCH 066 starts at 2024-02-29 20:11:03
LOSS train 0.01608254 valid 0.03420934
LOSS valid PSNR 14.66 dB. 

EPOCH 067 starts at 2024-02-29 20:11:06
LOSS train 0.01595115 valid 0.03375592
LOSS valid PSNR 14.72 dB. 

EPOCH 068 starts at 2024-02-29 20:11:10
LOSS train 0.01609430 valid 0.03381489
LOSS valid PSNR 14.71 dB. 

EPOCH 069 starts at 2024-02-29 20:11:13
LOSS train 0.01584021 valid 0.03414117
LOSS valid PSNR 14.67 dB. 

EPOCH 070 starts at 2024-02-29 20:11:17
LOSS train 0.01585369 valid 0.03356536
LOSS valid PSNR 14.74 dB. 

EPOCH 071 starts at 2024-02-29 20:11:20
LOSS train 0.01569165 valid 0.03325501
LOSS valid PSNR 14.78 dB. 

EPOCH 072 starts at 2024-02-29 20:11:24
LOSS train 0.01552842 valid 0.03332354
LOSS valid PSNR 14.77 dB. 

EPOCH 073 starts at 2024-02-29 20:11:28
LOSS train 0.01548847 valid 0.03327993
LOSS valid PSNR 14.78 dB. 

EPOCH 074 starts at 2024-02-29 20:11:31
LOSS train 0.01583277 valid 0.03277948
LOSS valid PSNR 14.84 dB. 

EPOCH 075 starts at 2024-02-29 20:11:35
LOSS train 0.01553910 valid 0.03290277
LOSS valid PSNR 14.83 dB. 

EPOCH 076 starts at 2024-02-29 20:11:38
LOSS train 0.01532282 valid 0.03241251
LOSS valid PSNR 14.89 dB. 

EPOCH 077 starts at 2024-02-29 20:11:42
LOSS train 0.01531010 valid 0.03267650
LOSS valid PSNR 14.86 dB. 

EPOCH 078 starts at 2024-02-29 20:11:45
LOSS train 0.01516867 valid 0.03244900
LOSS valid PSNR 14.89 dB. 

EPOCH 079 starts at 2024-02-29 20:11:49
LOSS train 0.01508588 valid 0.03202298
LOSS valid PSNR 14.95 dB. 

EPOCH 080 starts at 2024-02-29 20:11:52
LOSS train 0.01567003 valid 0.03507631
LOSS valid PSNR 14.55 dB. 

EPOCH 081 starts at 2024-02-29 20:11:56
LOSS train 0.01590847 valid 0.03514474
LOSS valid PSNR 14.54 dB. 

EPOCH 082 starts at 2024-02-29 20:12:00
LOSS train 0.01563766 valid 0.03258514
LOSS valid PSNR 14.87 dB. 

EPOCH 083 starts at 2024-02-29 20:12:03
LOSS train 0.01517389 valid 0.03225685
LOSS valid PSNR 14.91 dB. 

EPOCH 084 starts at 2024-02-29 20:12:07
LOSS train 0.01489554 valid 0.03186769
LOSS valid PSNR 14.97 dB. 

EPOCH 085 starts at 2024-02-29 20:12:11
LOSS train 0.01478944 valid 0.03158508
LOSS valid PSNR 15.01 dB. 

EPOCH 086 starts at 2024-02-29 20:12:14
LOSS train 0.01470390 valid 0.03123068
LOSS valid PSNR 15.05 dB. 

EPOCH 087 starts at 2024-02-29 20:12:18
LOSS train 0.01461147 valid 0.03114132
LOSS valid PSNR 15.07 dB. 

EPOCH 088 starts at 2024-02-29 20:12:22
LOSS train 0.01457859 valid 0.03102292
LOSS valid PSNR 15.08 dB. 

EPOCH 089 starts at 2024-02-29 20:12:25
LOSS train 0.01451939 valid 0.03110297
LOSS valid PSNR 15.07 dB. 

EPOCH 090 starts at 2024-02-29 20:12:29
LOSS train 0.01480773 valid 0.03099644
LOSS valid PSNR 15.09 dB. 

EPOCH 091 starts at 2024-02-29 20:12:32
LOSS train 0.01463315 valid 0.03097062
LOSS valid PSNR 15.09 dB. 

EPOCH 092 starts at 2024-02-29 20:12:36
LOSS train 0.01456003 valid 0.03147721
LOSS valid PSNR 15.02 dB. 

EPOCH 093 starts at 2024-02-29 20:12:40
LOSS train 0.01456286 valid 0.03076649
LOSS valid PSNR 15.12 dB. 

EPOCH 094 starts at 2024-02-29 20:12:43
LOSS train 0.01436721 valid 0.03051378
LOSS valid PSNR 15.16 dB. 

EPOCH 095 starts at 2024-02-29 20:12:47
LOSS train 0.01436918 valid 0.03045321
LOSS valid PSNR 15.16 dB. 

EPOCH 096 starts at 2024-02-29 20:12:51
LOSS train 0.01425421 valid 0.03035307
LOSS valid PSNR 15.18 dB. 

EPOCH 097 starts at 2024-02-29 20:12:54
LOSS train 0.01425549 valid 0.03199042
LOSS valid PSNR 14.95 dB. 

EPOCH 098 starts at 2024-02-29 20:12:58
LOSS train 0.01624859 valid 0.03250372
LOSS valid PSNR 14.88 dB. 

EPOCH 099 starts at 2024-02-29 20:13:01
LOSS train 0.01513218 valid 0.03230963
LOSS valid PSNR 14.91 dB. 

EPOCH 100 starts at 2024-02-29 20:13:05
LOSS train 0.01466183 valid 0.03094330
LOSS valid PSNR 15.09 dB. 

EPOCH 101 starts at 2024-02-29 20:13:09
LOSS train 0.01442045 valid 0.03054514
LOSS valid PSNR 15.15 dB. 

EPOCH 102 starts at 2024-02-29 20:13:12
LOSS train 0.01424796 valid 0.03040372
LOSS valid PSNR 15.17 dB. 

EPOCH 103 starts at 2024-02-29 20:13:16
LOSS train 0.01417818 valid 0.03009447
LOSS valid PSNR 15.22 dB. 

EPOCH 104 starts at 2024-02-29 20:13:20
LOSS train 0.01404950 valid 0.03014452
LOSS valid PSNR 15.21 dB. 

EPOCH 105 starts at 2024-02-29 20:13:23
LOSS train 0.01401167 valid 0.02980892
LOSS valid PSNR 15.26 dB. 

EPOCH 106 starts at 2024-02-29 20:13:27
LOSS train 0.01403704 valid 0.02995942
LOSS valid PSNR 15.23 dB. 

EPOCH 107 starts at 2024-02-29 20:13:31
LOSS train 0.01396881 valid 0.02993713
LOSS valid PSNR 15.24 dB. 

EPOCH 108 starts at 2024-02-29 20:13:34
LOSS train 0.01390695 valid 0.02938168
LOSS valid PSNR 15.32 dB. 

EPOCH 109 starts at 2024-02-29 20:13:38
LOSS train 0.01383569 valid 0.02931950
LOSS valid PSNR 15.33 dB. 

EPOCH 110 starts at 2024-02-29 20:13:41
LOSS train 0.01364590 valid 0.02917197
LOSS valid PSNR 15.35 dB. 

EPOCH 111 starts at 2024-02-29 20:13:45
LOSS train 0.01358574 valid 0.02899335
LOSS valid PSNR 15.38 dB. 

EPOCH 112 starts at 2024-02-29 20:13:48
LOSS train 0.01363786 valid 0.02987411
LOSS valid PSNR 15.25 dB. 

EPOCH 113 starts at 2024-02-29 20:13:52
LOSS train 0.01425484 valid 0.03125324
LOSS valid PSNR 15.05 dB. 

EPOCH 114 starts at 2024-02-29 20:13:56
LOSS train 0.01405496 valid 0.02991828
LOSS valid PSNR 15.24 dB. 

EPOCH 115 starts at 2024-02-29 20:13:59
LOSS train 0.01374443 valid 0.02926942
LOSS valid PSNR 15.34 dB. 

EPOCH 116 starts at 2024-02-29 20:14:03
LOSS train 0.01351849 valid 0.02881670
LOSS valid PSNR 15.40 dB. 

EPOCH 117 starts at 2024-02-29 20:14:06
LOSS train 0.01342729 valid 0.02852046
LOSS valid PSNR 15.45 dB. 

EPOCH 118 starts at 2024-02-29 20:14:10
LOSS train 0.01335590 valid 0.02853564
LOSS valid PSNR 15.45 dB. 

EPOCH 119 starts at 2024-02-29 20:14:14
LOSS train 0.01330749 valid 0.02842347
LOSS valid PSNR 15.46 dB. 

EPOCH 120 starts at 2024-02-29 20:14:17
LOSS train 0.01329853 valid 0.02828773
LOSS valid PSNR 15.48 dB. 

EPOCH 121 starts at 2024-02-29 20:14:21
LOSS train 0.01321589 valid 0.02855836
LOSS valid PSNR 15.44 dB. 

EPOCH 122 starts at 2024-02-29 20:14:24
LOSS train 0.01407387 valid 0.03049913
LOSS valid PSNR 15.16 dB. 

EPOCH 123 starts at 2024-02-29 20:14:28
LOSS train 0.01381534 valid 0.02959892
LOSS valid PSNR 15.29 dB. 

EPOCH 124 starts at 2024-02-29 20:14:32
LOSS train 0.01347713 valid 0.02858314
LOSS valid PSNR 15.44 dB. 

EPOCH 125 starts at 2024-02-29 20:14:35
LOSS train 0.01325746 valid 0.02812622
LOSS valid PSNR 15.51 dB. 

EPOCH 126 starts at 2024-02-29 20:14:39
LOSS train 0.01318460 valid 0.02806538
LOSS valid PSNR 15.52 dB. 

EPOCH 127 starts at 2024-02-29 20:14:42
LOSS train 0.01310678 valid 0.02781328
LOSS valid PSNR 15.56 dB. 

EPOCH 128 starts at 2024-02-29 20:14:46
LOSS train 0.01302420 valid 0.02770669
LOSS valid PSNR 15.57 dB. 

EPOCH 129 starts at 2024-02-29 20:14:50
LOSS train 0.01297834 valid 0.02761553
LOSS valid PSNR 15.59 dB. 

EPOCH 130 starts at 2024-02-29 20:14:54
LOSS train 0.01292852 valid 0.02754620
LOSS valid PSNR 15.60 dB. 

EPOCH 131 starts at 2024-02-29 20:14:57
LOSS train 0.01290725 valid 0.02759083
LOSS valid PSNR 15.59 dB. 

EPOCH 132 starts at 2024-02-29 20:15:01
LOSS train 0.01312854 valid 0.02770125
LOSS valid PSNR 15.58 dB. 

EPOCH 133 starts at 2024-02-29 20:15:04
LOSS train 0.01297999 valid 0.02746950
LOSS valid PSNR 15.61 dB. 

EPOCH 134 starts at 2024-02-29 20:15:08
LOSS train 0.01297514 valid 0.02775229
LOSS valid PSNR 15.57 dB. 

EPOCH 135 starts at 2024-02-29 20:15:12
LOSS train 0.01290425 valid 0.02736114
LOSS valid PSNR 15.63 dB. 

EPOCH 136 starts at 2024-02-29 20:15:15
LOSS train 0.01272527 valid 0.02729197
LOSS valid PSNR 15.64 dB. 

EPOCH 137 starts at 2024-02-29 20:15:19
LOSS train 0.01271957 valid 0.02715972
LOSS valid PSNR 15.66 dB. 

EPOCH 138 starts at 2024-02-29 20:15:23
LOSS train 0.01290415 valid 0.02944200
LOSS valid PSNR 15.31 dB. 

EPOCH 139 starts at 2024-02-29 20:15:26
LOSS train 0.01316621 valid 0.02706033
LOSS valid PSNR 15.68 dB. 

EPOCH 140 starts at 2024-02-29 20:15:30
LOSS train 0.01299297 valid 0.02760782
LOSS valid PSNR 15.59 dB. 

EPOCH 141 starts at 2024-02-29 20:15:33
LOSS train 0.01284706 valid 0.02725511
LOSS valid PSNR 15.65 dB. 

EPOCH 142 starts at 2024-02-29 20:15:37
LOSS train 0.01267326 valid 0.02731408
LOSS valid PSNR 15.64 dB. 

EPOCH 143 starts at 2024-02-29 20:15:40
LOSS train 0.01271417 valid 0.02682225
LOSS valid PSNR 15.72 dB. 

EPOCH 144 starts at 2024-02-29 20:15:44
LOSS train 0.01267418 valid 0.02710680
LOSS valid PSNR 15.67 dB. 

EPOCH 145 starts at 2024-02-29 20:15:48
LOSS train 0.01264764 valid 0.02671762
LOSS valid PSNR 15.73 dB. 

EPOCH 146 starts at 2024-02-29 20:15:51
LOSS train 0.01253769 valid 0.02673773
LOSS valid PSNR 15.73 dB. 

EPOCH 147 starts at 2024-02-29 20:15:55
LOSS train 0.01251201 valid 0.02680481
LOSS valid PSNR 15.72 dB. 

EPOCH 148 starts at 2024-02-29 20:15:58
LOSS train 0.01259111 valid 0.02687734
LOSS valid PSNR 15.71 dB. 

EPOCH 149 starts at 2024-02-29 20:16:02
LOSS train 0.01258914 valid 0.02754652
LOSS valid PSNR 15.60 dB. 

EPOCH 150 starts at 2024-02-29 20:16:06
LOSS train 0.01269279 valid 0.02697647
LOSS valid PSNR 15.69 dB. 

EPOCH 151 starts at 2024-02-29 20:16:09
LOSS train 0.01248223 valid 0.02643463
LOSS valid PSNR 15.78 dB. 

EPOCH 152 starts at 2024-02-29 20:16:13
LOSS train 0.01234617 valid 0.02649875
LOSS valid PSNR 15.77 dB. 

EPOCH 153 starts at 2024-02-29 20:16:17
LOSS train 0.01232063 valid 0.02641099
LOSS valid PSNR 15.78 dB. 

EPOCH 154 starts at 2024-02-29 20:16:20
LOSS train 0.01237175 valid 0.02625490
LOSS valid PSNR 15.81 dB. 

EPOCH 155 starts at 2024-02-29 20:16:24
LOSS train 0.01230525 valid 0.02608296
LOSS valid PSNR 15.84 dB. 

EPOCH 156 starts at 2024-02-29 20:16:28
LOSS train 0.01223793 valid 0.02618883
LOSS valid PSNR 15.82 dB. 

EPOCH 157 starts at 2024-02-29 20:16:31
LOSS train 0.01290326 valid 0.02939085
LOSS valid PSNR 15.32 dB. 

EPOCH 158 starts at 2024-02-29 20:16:35
LOSS train 0.01323528 valid 0.02907311
LOSS valid PSNR 15.37 dB. 

EPOCH 159 starts at 2024-02-29 20:16:38
LOSS train 0.01297555 valid 0.02711686
LOSS valid PSNR 15.67 dB. 

EPOCH 160 starts at 2024-02-29 20:16:42
LOSS train 0.01257509 valid 0.02623192
LOSS valid PSNR 15.81 dB. 

EPOCH 161 starts at 2024-02-29 20:16:46
LOSS train 0.01239614 valid 0.02616481
LOSS valid PSNR 15.82 dB. 

EPOCH 162 starts at 2024-02-29 20:16:49
LOSS train 0.01223899 valid 0.02597544
LOSS valid PSNR 15.85 dB. 

EPOCH 163 starts at 2024-02-29 20:16:53
LOSS train 0.01211058 valid 0.02592762
LOSS valid PSNR 15.86 dB. 

EPOCH 164 starts at 2024-02-29 20:16:56
LOSS train 0.01209473 valid 0.02578967
LOSS valid PSNR 15.89 dB. 

EPOCH 165 starts at 2024-02-29 20:17:00
LOSS train 0.01205025 valid 0.02575185
LOSS valid PSNR 15.89 dB. 

EPOCH 166 starts at 2024-02-29 20:17:04
LOSS train 0.01202016 valid 0.02566801
LOSS valid PSNR 15.91 dB. 

EPOCH 167 starts at 2024-02-29 20:17:07
LOSS train 0.01200339 valid 0.02564024
LOSS valid PSNR 15.91 dB. 

EPOCH 168 starts at 2024-02-29 20:17:11
LOSS train 0.01196242 valid 0.02558456
LOSS valid PSNR 15.92 dB. 

EPOCH 169 starts at 2024-02-29 20:17:14
LOSS train 0.01208967 valid 0.02713622
LOSS valid PSNR 15.66 dB. 

EPOCH 170 starts at 2024-02-29 20:17:18
LOSS train 0.01238046 valid 0.02611408
LOSS valid PSNR 15.83 dB. 

EPOCH 171 starts at 2024-02-29 20:17:21
LOSS train 0.01215492 valid 0.02569810
LOSS valid PSNR 15.90 dB. 

EPOCH 172 starts at 2024-02-29 20:17:25
LOSS train 0.01208212 valid 0.02584564
LOSS valid PSNR 15.88 dB. 

EPOCH 173 starts at 2024-02-29 20:17:29
LOSS train 0.01202997 valid 0.02542972
LOSS valid PSNR 15.95 dB. 

EPOCH 174 starts at 2024-02-29 20:17:32
LOSS train 0.01198693 valid 0.02567455
LOSS valid PSNR 15.90 dB. 

EPOCH 175 starts at 2024-02-29 20:17:36
LOSS train 0.01192983 valid 0.02536505
LOSS valid PSNR 15.96 dB. 

EPOCH 176 starts at 2024-02-29 20:17:40
LOSS train 0.01187888 valid 0.02528292
LOSS valid PSNR 15.97 dB. 

EPOCH 177 starts at 2024-02-29 20:17:43
LOSS train 0.01188887 valid 0.02599612
LOSS valid PSNR 15.85 dB. 

EPOCH 178 starts at 2024-02-29 20:17:47
LOSS train 0.01248672 valid 0.02739935
LOSS valid PSNR 15.62 dB. 

EPOCH 179 starts at 2024-02-29 20:17:50
LOSS train 0.01241278 valid 0.02724997
LOSS valid PSNR 15.65 dB. 

EPOCH 180 starts at 2024-02-29 20:17:54
LOSS train 0.01216330 valid 0.02591130
LOSS valid PSNR 15.87 dB. 

EPOCH 181 starts at 2024-02-29 20:17:58
LOSS train 0.01194486 valid 0.02542467
LOSS valid PSNR 15.95 dB. 

EPOCH 182 starts at 2024-02-29 20:18:01
LOSS train 0.01183250 valid 0.02521534
LOSS valid PSNR 15.98 dB. 

EPOCH 183 starts at 2024-02-29 20:18:05
LOSS train 0.01175827 valid 0.02510004
LOSS valid PSNR 16.00 dB. 

EPOCH 184 starts at 2024-02-29 20:18:08
LOSS train 0.01171660 valid 0.02507631
LOSS valid PSNR 16.01 dB. 

EPOCH 185 starts at 2024-02-29 20:18:12
LOSS train 0.01170053 valid 0.02509904
LOSS valid PSNR 16.00 dB. 

EPOCH 186 starts at 2024-02-29 20:18:16
LOSS train 0.01182661 valid 0.02498846
LOSS valid PSNR 16.02 dB. 

EPOCH 187 starts at 2024-02-29 20:18:20
LOSS train 0.01185881 valid 0.02498213
LOSS valid PSNR 16.02 dB. 

EPOCH 188 starts at 2024-02-29 20:18:23
LOSS train 0.01167432 valid 0.02495215
LOSS valid PSNR 16.03 dB. 

EPOCH 189 starts at 2024-02-29 20:18:27
LOSS train 0.01176642 valid 0.02492989
LOSS valid PSNR 16.03 dB. 

EPOCH 190 starts at 2024-02-29 20:18:30
LOSS train 0.01170382 valid 0.02488629
LOSS valid PSNR 16.04 dB. 

EPOCH 191 starts at 2024-02-29 20:18:34
LOSS train 0.01161847 valid 0.02511844
LOSS valid PSNR 16.00 dB. 

EPOCH 192 starts at 2024-02-29 20:18:38
LOSS train 0.01217168 valid 0.02517528
LOSS valid PSNR 15.99 dB. 

EPOCH 193 starts at 2024-02-29 20:18:41
LOSS train 0.01208520 valid 0.02580933
LOSS valid PSNR 15.88 dB. 

EPOCH 194 starts at 2024-02-29 20:18:45
LOSS train 0.01198539 valid 0.02561433
LOSS valid PSNR 15.92 dB. 

EPOCH 195 starts at 2024-02-29 20:18:48
LOSS train 0.01175617 valid 0.02496899
LOSS valid PSNR 16.03 dB. 

EPOCH 196 starts at 2024-02-29 20:18:52
LOSS train 0.01163937 valid 0.02486221
LOSS valid PSNR 16.04 dB. 

EPOCH 197 starts at 2024-02-29 20:18:56
LOSS train 0.01157746 valid 0.02468409
LOSS valid PSNR 16.08 dB. 

EPOCH 198 starts at 2024-02-29 20:18:59
LOSS train 0.01154588 valid 0.02461321
LOSS valid PSNR 16.09 dB. 

EPOCH 199 starts at 2024-02-29 20:19:03
LOSS train 0.01157536 valid 0.02465646
LOSS valid PSNR 16.08 dB. 

EPOCH 200 starts at 2024-02-29 20:19:07
LOSS train 0.01151550 valid 0.02461535
LOSS valid PSNR 16.09 dB. 

EPOCH 201 starts at 2024-02-29 20:19:10
LOSS train 0.01167621 valid 0.02566613
LOSS valid PSNR 15.91 dB. 

EPOCH 202 starts at 2024-02-29 20:19:14
LOSS train 0.01176630 valid 0.02498225
LOSS valid PSNR 16.02 dB. 

EPOCH 203 starts at 2024-02-29 20:19:18
LOSS train 0.01160412 valid 0.02471451
LOSS valid PSNR 16.07 dB. 

EPOCH 204 starts at 2024-02-29 20:19:21
LOSS train 0.01153179 valid 0.02487223
LOSS valid PSNR 16.04 dB. 

EPOCH 205 starts at 2024-02-29 20:19:25
LOSS train 0.01164125 valid 0.02521681
LOSS valid PSNR 15.98 dB. 

EPOCH 206 starts at 2024-02-29 20:19:28
LOSS train 0.01159839 valid 0.02459233
LOSS valid PSNR 16.09 dB. 

EPOCH 207 starts at 2024-02-29 20:19:32
LOSS train 0.01142965 valid 0.02448030
LOSS valid PSNR 16.11 dB. 

EPOCH 208 starts at 2024-02-29 20:19:36
LOSS train 0.01143243 valid 0.02432458
LOSS valid PSNR 16.14 dB. 

EPOCH 209 starts at 2024-02-29 20:19:39
LOSS train 0.01141136 valid 0.02451162
LOSS valid PSNR 16.11 dB. 

EPOCH 210 starts at 2024-02-29 20:19:43
LOSS train 0.01161374 valid 0.02476393
LOSS valid PSNR 16.06 dB. 

EPOCH 211 starts at 2024-02-29 20:19:46
LOSS train 0.01149031 valid 0.02488702
LOSS valid PSNR 16.04 dB. 

EPOCH 212 starts at 2024-02-29 20:19:50
LOSS train 0.01150419 valid 0.02444054
LOSS valid PSNR 16.12 dB. 

EPOCH 213 starts at 2024-02-29 20:19:54
LOSS train 0.01134887 valid 0.02433033
LOSS valid PSNR 16.14 dB. 

EPOCH 214 starts at 2024-02-29 20:19:57
LOSS train 0.01133295 valid 0.02458798
LOSS valid PSNR 16.09 dB. 

EPOCH 215 starts at 2024-02-29 20:20:01
LOSS train 0.01143911 valid 0.02442719
LOSS valid PSNR 16.12 dB. 

EPOCH 216 starts at 2024-02-29 20:20:05
LOSS train 0.01144693 valid 0.02442928
LOSS valid PSNR 16.12 dB. 

EPOCH 217 starts at 2024-02-29 20:20:08
LOSS train 0.01122536 valid 0.02393150
LOSS valid PSNR 16.21 dB. 

EPOCH 218 starts at 2024-02-29 20:20:12
LOSS train 0.01113787 valid 0.02368603
LOSS valid PSNR 16.26 dB. 

EPOCH 219 starts at 2024-02-29 20:20:16
LOSS train 0.01118490 valid 0.02399860
LOSS valid PSNR 16.20 dB. 

EPOCH 220 starts at 2024-02-29 20:20:19
LOSS train 0.01133694 valid 0.02349263
LOSS valid PSNR 16.29 dB. 

EPOCH 221 starts at 2024-02-29 20:20:23
LOSS train 0.01104863 valid 0.02339008
LOSS valid PSNR 16.31 dB. 

EPOCH 222 starts at 2024-02-29 20:20:26
LOSS train 0.01106735 valid 0.02352134
LOSS valid PSNR 16.29 dB. 

EPOCH 223 starts at 2024-02-29 20:20:30
LOSS train 0.01099710 valid 0.02341294
LOSS valid PSNR 16.31 dB. 

EPOCH 224 starts at 2024-02-29 20:20:34
LOSS train 0.01090450 valid 0.02339486
LOSS valid PSNR 16.31 dB. 

EPOCH 225 starts at 2024-02-29 20:20:37
LOSS train 0.01141378 valid 0.02378877
LOSS valid PSNR 16.24 dB. 

EPOCH 226 starts at 2024-02-29 20:20:41
LOSS train 0.01115192 valid 0.02370598
LOSS valid PSNR 16.25 dB. 

EPOCH 227 starts at 2024-02-29 20:20:44
LOSS train 0.01101386 valid 0.02334158
LOSS valid PSNR 16.32 dB. 

EPOCH 228 starts at 2024-02-29 20:20:48
LOSS train 0.01088501 valid 0.02312821
LOSS valid PSNR 16.36 dB. 

EPOCH 229 starts at 2024-02-29 20:20:52
LOSS train 0.01085209 valid 0.02408344
LOSS valid PSNR 16.18 dB. 

EPOCH 230 starts at 2024-02-29 20:20:55
LOSS train 0.01096717 valid 0.02329015
LOSS valid PSNR 16.33 dB. 

EPOCH 231 starts at 2024-02-29 20:20:59
LOSS train 0.01083478 valid 0.02307578
LOSS valid PSNR 16.37 dB. 

EPOCH 232 starts at 2024-02-29 20:21:03
LOSS train 0.01076055 valid 0.02275702
LOSS valid PSNR 16.43 dB. 

EPOCH 233 starts at 2024-02-29 20:21:07
LOSS train 0.01068162 valid 0.02265819
LOSS valid PSNR 16.45 dB. 

EPOCH 234 starts at 2024-02-29 20:21:10
LOSS train 0.01067364 valid 0.02268849
LOSS valid PSNR 16.44 dB. 

EPOCH 235 starts at 2024-02-29 20:21:14
LOSS train 0.01065238 valid 0.02312327
LOSS valid PSNR 16.36 dB. 

EPOCH 236 starts at 2024-02-29 20:21:18
LOSS train 0.01061227 valid 0.02302573
LOSS valid PSNR 16.38 dB. 

EPOCH 237 starts at 2024-02-29 20:21:21
LOSS train 0.01059032 valid 0.02245153
LOSS valid PSNR 16.49 dB. 

EPOCH 238 starts at 2024-02-29 20:21:25
LOSS train 0.01043075 valid 0.02277909
LOSS valid PSNR 16.42 dB. 

EPOCH 239 starts at 2024-02-29 20:21:29
LOSS train 0.01051907 valid 0.02243650
LOSS valid PSNR 16.49 dB. 

EPOCH 240 starts at 2024-02-29 20:21:32
LOSS train 0.01053869 valid 0.02242372
LOSS valid PSNR 16.49 dB. 

EPOCH 241 starts at 2024-02-29 20:21:36
LOSS train 0.01056077 valid 0.02247901
LOSS valid PSNR 16.48 dB. 

EPOCH 242 starts at 2024-02-29 20:21:39
LOSS train 0.01067811 valid 0.02283093
LOSS valid PSNR 16.41 dB. 

EPOCH 243 starts at 2024-02-29 20:21:43
LOSS train 0.01052886 valid 0.02222821
LOSS valid PSNR 16.53 dB. 

EPOCH 244 starts at 2024-02-29 20:21:47
LOSS train 0.01034159 valid 0.02199001
LOSS valid PSNR 16.58 dB. 

EPOCH 245 starts at 2024-02-29 20:21:50
LOSS train 0.01027397 valid 0.02180663
LOSS valid PSNR 16.61 dB. 

EPOCH 246 starts at 2024-02-29 20:21:54
LOSS train 0.01022903 valid 0.02195424
LOSS valid PSNR 16.58 dB. 

EPOCH 247 starts at 2024-02-29 20:21:58
LOSS train 0.01052033 valid 0.02178127
LOSS valid PSNR 16.62 dB. 

EPOCH 248 starts at 2024-02-29 20:22:01
LOSS train 0.01041394 valid 0.02267274
LOSS valid PSNR 16.44 dB. 

EPOCH 249 starts at 2024-02-29 20:22:05
LOSS train 0.01051682 valid 0.02169232
LOSS valid PSNR 16.64 dB. 

EPOCH 250 starts at 2024-02-29 20:22:09
LOSS train 0.01039037 valid 0.02241769
LOSS valid PSNR 16.49 dB. 

EPOCH 251 starts at 2024-02-29 20:22:12
LOSS train 0.01044341 valid 0.02272063
LOSS valid PSNR 16.44 dB. 

EPOCH 252 starts at 2024-02-29 20:22:16
LOSS train 0.01044865 valid 0.02294552
LOSS valid PSNR 16.39 dB. 

EPOCH 253 starts at 2024-02-29 20:22:19
LOSS train 0.01069770 valid 0.02214071
LOSS valid PSNR 16.55 dB. 

EPOCH 254 starts at 2024-02-29 20:22:23
LOSS train 0.01042532 valid 0.02202486
LOSS valid PSNR 16.57 dB. 

EPOCH 255 starts at 2024-02-29 20:22:27
LOSS train 0.01020351 valid 0.02169842
LOSS valid PSNR 16.64 dB. 

EPOCH 256 starts at 2024-02-29 20:22:30
LOSS train 0.01011540 valid 0.02156361
LOSS valid PSNR 16.66 dB. 

EPOCH 257 starts at 2024-02-29 20:22:34
LOSS train 0.01008300 valid 0.02147945
LOSS valid PSNR 16.68 dB. 

EPOCH 258 starts at 2024-02-29 20:22:38
LOSS train 0.01000180 valid 0.02145473
LOSS valid PSNR 16.68 dB. 

EPOCH 259 starts at 2024-02-29 20:22:41
LOSS train 0.01004490 valid 0.02146297
LOSS valid PSNR 16.68 dB. 

EPOCH 260 starts at 2024-02-29 20:22:45
LOSS train 0.01000482 valid 0.02176679
LOSS valid PSNR 16.62 dB. 

EPOCH 261 starts at 2024-02-29 20:22:49
LOSS train 0.01021647 valid 0.02164576
LOSS valid PSNR 16.65 dB. 

EPOCH 262 starts at 2024-02-29 20:22:52
LOSS train 0.01008566 valid 0.02163112
LOSS valid PSNR 16.65 dB. 

EPOCH 263 starts at 2024-02-29 20:22:56
LOSS train 0.01005669 valid 0.02149066
LOSS valid PSNR 16.68 dB. 

EPOCH 264 starts at 2024-02-29 20:23:00
LOSS train 0.01000479 valid 0.02154762
LOSS valid PSNR 16.67 dB. 

EPOCH 265 starts at 2024-02-29 20:23:03
LOSS train 0.01000998 valid 0.02132841
LOSS valid PSNR 16.71 dB. 

EPOCH 266 starts at 2024-02-29 20:23:07
LOSS train 0.01003728 valid 0.02123253
LOSS valid PSNR 16.73 dB. 

EPOCH 267 starts at 2024-02-29 20:23:11
LOSS train 0.00996389 valid 0.02122496
LOSS valid PSNR 16.73 dB. 

EPOCH 268 starts at 2024-02-29 20:23:14
LOSS train 0.00994318 valid 0.02138213
LOSS valid PSNR 16.70 dB. 

EPOCH 269 starts at 2024-02-29 20:23:18
LOSS train 0.01074202 valid 0.02256990
LOSS valid PSNR 16.46 dB. 

EPOCH 270 starts at 2024-02-29 20:23:21
LOSS train 0.01087938 valid 0.02209335
LOSS valid PSNR 16.56 dB. 

EPOCH 271 starts at 2024-02-29 20:23:25
LOSS train 0.01044267 valid 0.02168727
LOSS valid PSNR 16.64 dB. 

EPOCH 272 starts at 2024-02-29 20:23:29
LOSS train 0.01012221 valid 0.02142328
LOSS valid PSNR 16.69 dB. 

EPOCH 273 starts at 2024-02-29 20:23:32
LOSS train 0.01000399 valid 0.02131243
LOSS valid PSNR 16.71 dB. 

EPOCH 274 starts at 2024-02-29 20:23:36
LOSS train 0.00994221 valid 0.02124385
LOSS valid PSNR 16.73 dB. 

EPOCH 275 starts at 2024-02-29 20:23:40
LOSS train 0.00995525 valid 0.02122162
LOSS valid PSNR 16.73 dB. 

EPOCH 276 starts at 2024-02-29 20:23:43
LOSS train 0.00993109 valid 0.02132806
LOSS valid PSNR 16.71 dB. 

EPOCH 277 starts at 2024-02-29 20:23:47
LOSS train 0.00993751 valid 0.02131596
LOSS valid PSNR 16.71 dB. 

EPOCH 278 starts at 2024-02-29 20:23:51
LOSS train 0.00992419 valid 0.02128709
LOSS valid PSNR 16.72 dB. 

EPOCH 279 starts at 2024-02-29 20:23:54
LOSS train 0.00989644 valid 0.02109410
LOSS valid PSNR 16.76 dB. 

EPOCH 280 starts at 2024-02-29 20:23:58
LOSS train 0.00983381 valid 0.02105084
LOSS valid PSNR 16.77 dB. 

EPOCH 281 starts at 2024-02-29 20:24:01
LOSS train 0.00984524 valid 0.02138770
LOSS valid PSNR 16.70 dB. 

EPOCH 282 starts at 2024-02-29 20:24:05
LOSS train 0.01027837 valid 0.02170391
LOSS valid PSNR 16.63 dB. 

EPOCH 283 starts at 2024-02-29 20:24:09
LOSS train 0.01030584 valid 0.02140218
LOSS valid PSNR 16.70 dB. 

EPOCH 284 starts at 2024-02-29 20:24:12
LOSS train 0.01032670 valid 0.02196942
LOSS valid PSNR 16.58 dB. 

EPOCH 285 starts at 2024-02-29 20:24:16
LOSS train 0.01013037 valid 0.02109753
LOSS valid PSNR 16.76 dB. 

EPOCH 286 starts at 2024-02-29 20:24:19
LOSS train 0.00991457 valid 0.02113694
LOSS valid PSNR 16.75 dB. 

EPOCH 287 starts at 2024-02-29 20:24:23
LOSS train 0.00986532 valid 0.02122259
LOSS valid PSNR 16.73 dB. 

EPOCH 288 starts at 2024-02-29 20:24:27
LOSS train 0.00985289 valid 0.02097095
LOSS valid PSNR 16.78 dB. 

EPOCH 289 starts at 2024-02-29 20:24:30
LOSS train 0.00981455 valid 0.02093112
LOSS valid PSNR 16.79 dB. 

EPOCH 290 starts at 2024-02-29 20:24:34
LOSS train 0.00972665 valid 0.02090073
LOSS valid PSNR 16.80 dB. 

EPOCH 291 starts at 2024-02-29 20:24:37
LOSS train 0.00978164 valid 0.02089928
LOSS valid PSNR 16.80 dB. 

EPOCH 292 starts at 2024-02-29 20:24:41
LOSS train 0.00977476 valid 0.02094766
LOSS valid PSNR 16.79 dB. 

EPOCH 293 starts at 2024-02-29 20:24:45
LOSS train 0.00984615 valid 0.02088501
LOSS valid PSNR 16.80 dB. 

EPOCH 294 starts at 2024-02-29 20:24:48
LOSS train 0.00983212 valid 0.02100134
LOSS valid PSNR 16.78 dB. 

EPOCH 295 starts at 2024-02-29 20:24:52
LOSS train 0.00983903 valid 0.02104550
LOSS valid PSNR 16.77 dB. 

EPOCH 296 starts at 2024-02-29 20:24:56
LOSS train 0.00985981 valid 0.02103524
LOSS valid PSNR 16.77 dB. 

EPOCH 297 starts at 2024-02-29 20:24:59
LOSS train 0.00976871 valid 0.02119866
LOSS valid PSNR 16.74 dB. 

EPOCH 298 starts at 2024-02-29 20:25:03
LOSS train 0.00982459 valid 0.02086930
LOSS valid PSNR 16.80 dB. 

EPOCH 299 starts at 2024-02-29 20:25:06
LOSS train 0.00976628 valid 0.02088208
LOSS valid PSNR 16.80 dB. 

EPOCH 300 starts at 2024-02-29 20:25:10
LOSS train 0.00978808 valid 0.02087323
LOSS valid PSNR 16.80 dB. 

EPOCH 301 starts at 2024-02-29 20:25:14
LOSS train 0.00975684 valid 0.02102491
LOSS valid PSNR 16.77 dB. 

EPOCH 302 starts at 2024-02-29 20:25:17
LOSS train 0.00993799 valid 0.02089610
LOSS valid PSNR 16.80 dB. 

EPOCH 303 starts at 2024-02-29 20:25:21
LOSS train 0.00982807 valid 0.02110237
LOSS valid PSNR 16.76 dB. 

EPOCH 304 starts at 2024-02-29 20:25:24
LOSS train 0.00990572 valid 0.02190110
LOSS valid PSNR 16.60 dB. 

EPOCH 305 starts at 2024-02-29 20:25:28
LOSS train 0.01002457 valid 0.02096247
LOSS valid PSNR 16.79 dB. 

EPOCH 306 starts at 2024-02-29 20:25:31
LOSS train 0.00983002 valid 0.02104919
LOSS valid PSNR 16.77 dB. 

EPOCH 307 starts at 2024-02-29 20:25:35
LOSS train 0.00976950 valid 0.02085167
LOSS valid PSNR 16.81 dB. 

EPOCH 308 starts at 2024-02-29 20:25:38
LOSS train 0.00975693 valid 0.02068733
LOSS valid PSNR 16.84 dB. 

EPOCH 309 starts at 2024-02-29 20:25:42
LOSS train 0.00974388 valid 0.02080110
LOSS valid PSNR 16.82 dB. 

EPOCH 310 starts at 2024-02-29 20:25:46
LOSS train 0.00973147 valid 0.02076810
LOSS valid PSNR 16.83 dB. 

EPOCH 311 starts at 2024-02-29 20:25:49
LOSS train 0.00972486 valid 0.02093846
LOSS valid PSNR 16.79 dB. 

EPOCH 312 starts at 2024-02-29 20:25:53
LOSS train 0.00973155 valid 0.02070226
LOSS valid PSNR 16.84 dB. 

EPOCH 313 starts at 2024-02-29 20:25:56
LOSS train 0.00971167 valid 0.02071660
LOSS valid PSNR 16.84 dB. 

EPOCH 314 starts at 2024-02-29 20:26:00
LOSS train 0.00962298 valid 0.02064650
LOSS valid PSNR 16.85 dB. 

EPOCH 315 starts at 2024-02-29 20:26:04
LOSS train 0.00962967 valid 0.02069829
LOSS valid PSNR 16.84 dB. 

EPOCH 316 starts at 2024-02-29 20:26:07
LOSS train 0.01025891 valid 0.02087400
LOSS valid PSNR 16.80 dB. 

EPOCH 317 starts at 2024-02-29 20:26:11
LOSS train 0.01024739 valid 0.02147858
LOSS valid PSNR 16.68 dB. 

EPOCH 318 starts at 2024-02-29 20:26:15
LOSS train 0.01026383 valid 0.02196840
LOSS valid PSNR 16.58 dB. 

EPOCH 319 starts at 2024-02-29 20:26:18
LOSS train 0.01011453 valid 0.02103899
LOSS valid PSNR 16.77 dB. 

EPOCH 320 starts at 2024-02-29 20:26:22
LOSS train 0.00970736 valid 0.02087129
LOSS valid PSNR 16.80 dB. 

EPOCH 321 starts at 2024-02-29 20:26:26
LOSS train 0.00973530 valid 0.02060802
LOSS valid PSNR 16.86 dB. 

EPOCH 322 starts at 2024-02-29 20:26:29
LOSS train 0.00962887 valid 0.02054355
LOSS valid PSNR 16.87 dB. 

EPOCH 323 starts at 2024-02-29 20:26:33
LOSS train 0.00962334 valid 0.02055915
LOSS valid PSNR 16.87 dB. 

EPOCH 324 starts at 2024-02-29 20:26:36
LOSS train 0.00963817 valid 0.02053122
LOSS valid PSNR 16.88 dB. 

EPOCH 325 starts at 2024-02-29 20:26:40
LOSS train 0.00962794 valid 0.02052111
LOSS valid PSNR 16.88 dB. 

EPOCH 326 starts at 2024-02-29 20:26:44
LOSS train 0.00958974 valid 0.02059491
LOSS valid PSNR 16.86 dB. 

EPOCH 327 starts at 2024-02-29 20:26:47
LOSS train 0.00959972 valid 0.02050862
LOSS valid PSNR 16.88 dB. 

EPOCH 328 starts at 2024-02-29 20:26:51
LOSS train 0.00959655 valid 0.02045039
LOSS valid PSNR 16.89 dB. 

EPOCH 329 starts at 2024-02-29 20:26:55
LOSS train 0.00955946 valid 0.02071254
LOSS valid PSNR 16.84 dB. 

EPOCH 330 starts at 2024-02-29 20:26:58
LOSS train 0.00967978 valid 0.02047630
LOSS valid PSNR 16.89 dB. 

EPOCH 331 starts at 2024-02-29 20:27:02
LOSS train 0.00962091 valid 0.02043919
LOSS valid PSNR 16.90 dB. 

EPOCH 332 starts at 2024-02-29 20:27:05
LOSS train 0.00964272 valid 0.02042662
LOSS valid PSNR 16.90 dB. 

EPOCH 333 starts at 2024-02-29 20:27:09
LOSS train 0.00970538 valid 0.02067144
LOSS valid PSNR 16.85 dB. 

EPOCH 334 starts at 2024-02-29 20:27:13
LOSS train 0.00968298 valid 0.02074981
LOSS valid PSNR 16.83 dB. 

EPOCH 335 starts at 2024-02-29 20:27:16
LOSS train 0.00968525 valid 0.02069310
LOSS valid PSNR 16.84 dB. 

EPOCH 336 starts at 2024-02-29 20:27:20
LOSS train 0.00961373 valid 0.02051165
LOSS valid PSNR 16.88 dB. 

EPOCH 337 starts at 2024-02-29 20:27:24
LOSS train 0.00961542 valid 0.02040445
LOSS valid PSNR 16.90 dB. 

EPOCH 338 starts at 2024-02-29 20:27:27
LOSS train 0.00953120 valid 0.02033175
LOSS valid PSNR 16.92 dB. 

EPOCH 339 starts at 2024-02-29 20:27:31
LOSS train 0.00957043 valid 0.02038043
LOSS valid PSNR 16.91 dB. 

EPOCH 340 starts at 2024-02-29 20:27:34
LOSS train 0.00951855 valid 0.02036870
LOSS valid PSNR 16.91 dB. 

EPOCH 341 starts at 2024-02-29 20:27:38
LOSS train 0.00963550 valid 0.02075324
LOSS valid PSNR 16.83 dB. 

EPOCH 342 starts at 2024-02-29 20:27:42
LOSS train 0.00960439 valid 0.02102778
LOSS valid PSNR 16.77 dB. 

EPOCH 343 starts at 2024-02-29 20:27:45
LOSS train 0.00969555 valid 0.02093422
LOSS valid PSNR 16.79 dB. 

EPOCH 344 starts at 2024-02-29 20:27:49
LOSS train 0.00959386 valid 0.02050682
LOSS valid PSNR 16.88 dB. 

EPOCH 345 starts at 2024-02-29 20:27:53
LOSS train 0.00951332 valid 0.02028892
LOSS valid PSNR 16.93 dB. 

EPOCH 346 starts at 2024-02-29 20:27:56
LOSS train 0.00965057 valid 0.02032564
LOSS valid PSNR 16.92 dB. 

EPOCH 347 starts at 2024-02-29 20:28:00
LOSS train 0.00952662 valid 0.02034567
LOSS valid PSNR 16.92 dB. 

EPOCH 348 starts at 2024-02-29 20:28:04
LOSS train 0.00951889 valid 0.02052128
LOSS valid PSNR 16.88 dB. 

EPOCH 349 starts at 2024-02-29 20:28:07
LOSS train 0.00949185 valid 0.02034402
LOSS valid PSNR 16.92 dB. 

EPOCH 350 starts at 2024-02-29 20:28:11
LOSS train 0.00946301 valid 0.02068085
LOSS valid PSNR 16.84 dB. 

EPOCH 351 starts at 2024-02-29 20:28:15
LOSS train 0.00983322 valid 0.02112092
LOSS valid PSNR 16.75 dB. 

EPOCH 352 starts at 2024-02-29 20:28:18
LOSS train 0.00986995 valid 0.02032079
LOSS valid PSNR 16.92 dB. 

EPOCH 353 starts at 2024-02-29 20:28:22
LOSS train 0.00979291 valid 0.02050772
LOSS valid PSNR 16.88 dB. 

EPOCH 354 starts at 2024-02-29 20:28:25
LOSS train 0.00973491 valid 0.02104428
LOSS valid PSNR 16.77 dB. 

EPOCH 355 starts at 2024-02-29 20:28:29
LOSS train 0.00963488 valid 0.02073577
LOSS valid PSNR 16.83 dB. 

EPOCH 356 starts at 2024-02-29 20:28:33
LOSS train 0.00954993 valid 0.02012661
LOSS valid PSNR 16.96 dB. 

EPOCH 357 starts at 2024-02-29 20:28:36
LOSS train 0.00943818 valid 0.02019900
LOSS valid PSNR 16.95 dB. 

EPOCH 358 starts at 2024-02-29 20:28:40
LOSS train 0.00943118 valid 0.02008712
LOSS valid PSNR 16.97 dB. 

EPOCH 359 starts at 2024-02-29 20:28:43
LOSS train 0.00939392 valid 0.02003530
LOSS valid PSNR 16.98 dB. 

EPOCH 360 starts at 2024-02-29 20:28:47
LOSS train 0.00937807 valid 0.02003718
LOSS valid PSNR 16.98 dB. 

EPOCH 361 starts at 2024-02-29 20:28:51
LOSS train 0.00933056 valid 0.02043412
LOSS valid PSNR 16.90 dB. 

EPOCH 362 starts at 2024-02-29 20:28:54
LOSS train 0.00955636 valid 0.02055416
LOSS valid PSNR 16.87 dB. 

EPOCH 363 starts at 2024-02-29 20:28:58
LOSS train 0.00952890 valid 0.02009014
LOSS valid PSNR 16.97 dB. 

EPOCH 364 starts at 2024-02-29 20:29:01
LOSS train 0.00951456 valid 0.02085011
LOSS valid PSNR 16.81 dB. 

EPOCH 365 starts at 2024-02-29 20:29:05
LOSS train 0.00958008 valid 0.02006511
LOSS valid PSNR 16.98 dB. 

EPOCH 366 starts at 2024-02-29 20:29:08
LOSS train 0.00944237 valid 0.02023774
LOSS valid PSNR 16.94 dB. 

EPOCH 367 starts at 2024-02-29 20:29:12
LOSS train 0.00939052 valid 0.01996935
LOSS valid PSNR 17.00 dB. 

EPOCH 368 starts at 2024-02-29 20:29:15
LOSS train 0.00934832 valid 0.01992925
LOSS valid PSNR 17.01 dB. 

EPOCH 369 starts at 2024-02-29 20:29:19
LOSS train 0.00932906 valid 0.01991701
LOSS valid PSNR 17.01 dB. 

EPOCH 370 starts at 2024-02-29 20:29:22
LOSS train 0.00934531 valid 0.01998527
LOSS valid PSNR 16.99 dB. 

EPOCH 371 starts at 2024-02-29 20:29:26
LOSS train 0.00934433 valid 0.01990064
LOSS valid PSNR 17.01 dB. 

EPOCH 372 starts at 2024-02-29 20:29:30
LOSS train 0.00931847 valid 0.01984102
LOSS valid PSNR 17.02 dB. 

EPOCH 373 starts at 2024-02-29 20:29:33
LOSS train 0.00928612 valid 0.01998301
LOSS valid PSNR 16.99 dB. 

EPOCH 374 starts at 2024-02-29 20:29:37
LOSS train 0.00953326 valid 0.02069865
LOSS valid PSNR 16.84 dB. 

EPOCH 375 starts at 2024-02-29 20:29:41
LOSS train 0.00944864 valid 0.02025895
LOSS valid PSNR 16.93 dB. 

EPOCH 376 starts at 2024-02-29 20:29:45
LOSS train 0.00938293 valid 0.02015315
LOSS valid PSNR 16.96 dB. 

EPOCH 377 starts at 2024-02-29 20:29:48
LOSS train 0.00932459 valid 0.02030782
LOSS valid PSNR 16.92 dB. 

EPOCH 378 starts at 2024-02-29 20:29:52
LOSS train 0.00946151 valid 0.02065134
LOSS valid PSNR 16.85 dB. 

EPOCH 379 starts at 2024-02-29 20:29:55
LOSS train 0.00950930 valid 0.02011269
LOSS valid PSNR 16.97 dB. 

EPOCH 380 starts at 2024-02-29 20:29:59
LOSS train 0.00934678 valid 0.01988874
LOSS valid PSNR 17.01 dB. 

EPOCH 381 starts at 2024-02-29 20:30:03
LOSS train 0.00931794 valid 0.01991513
LOSS valid PSNR 17.01 dB. 

EPOCH 382 starts at 2024-02-29 20:30:06
LOSS train 0.00924801 valid 0.01981798
LOSS valid PSNR 17.03 dB. 

EPOCH 383 starts at 2024-02-29 20:30:10
LOSS train 0.00925353 valid 0.01989079
LOSS valid PSNR 17.01 dB. 

EPOCH 384 starts at 2024-02-29 20:30:14
LOSS train 0.00934012 valid 0.01988515
LOSS valid PSNR 17.01 dB. 

EPOCH 385 starts at 2024-02-29 20:30:17
LOSS train 0.00928131 valid 0.01985026
LOSS valid PSNR 17.02 dB. 

EPOCH 386 starts at 2024-02-29 20:30:21
LOSS train 0.00938263 valid 0.01982041
LOSS valid PSNR 17.03 dB. 

EPOCH 387 starts at 2024-02-29 20:30:25
LOSS train 0.00923970 valid 0.01982987
LOSS valid PSNR 17.03 dB. 

EPOCH 388 starts at 2024-02-29 20:30:28
LOSS train 0.00937954 valid 0.02030694
LOSS valid PSNR 16.92 dB. 

EPOCH 389 starts at 2024-02-29 20:30:32
LOSS train 0.00936519 valid 0.02030006
LOSS valid PSNR 16.93 dB. 

EPOCH 390 starts at 2024-02-29 20:30:36
LOSS train 0.00938425 valid 0.02028747
LOSS valid PSNR 16.93 dB. 

EPOCH 391 starts at 2024-02-29 20:30:39
LOSS train 0.00931485 valid 0.01984634
LOSS valid PSNR 17.02 dB. 

EPOCH 392 starts at 2024-02-29 20:30:43
LOSS train 0.00926165 valid 0.01985915
LOSS valid PSNR 17.02 dB. 

EPOCH 393 starts at 2024-02-29 20:30:46
LOSS train 0.00925133 valid 0.01996187
LOSS valid PSNR 17.00 dB. 

EPOCH 394 starts at 2024-02-29 20:30:50
LOSS train 0.00926251 valid 0.01988256
LOSS valid PSNR 17.02 dB. 

EPOCH 395 starts at 2024-02-29 20:30:54
LOSS train 0.00925414 valid 0.01967775
LOSS valid PSNR 17.06 dB. 

EPOCH 396 starts at 2024-02-29 20:30:57
LOSS train 0.00919253 valid 0.01962701
LOSS valid PSNR 17.07 dB. 

EPOCH 397 starts at 2024-02-29 20:31:01
LOSS train 0.00921577 valid 0.01968617
LOSS valid PSNR 17.06 dB. 

EPOCH 398 starts at 2024-02-29 20:31:04
LOSS train 0.00918968 valid 0.01968204
LOSS valid PSNR 17.06 dB. 

EPOCH 399 starts at 2024-02-29 20:31:08
LOSS train 0.00963427 valid 0.02015403
LOSS valid PSNR 16.96 dB. 

EPOCH 400 starts at 2024-02-29 20:31:12
LOSS train 0.00961302 valid 0.02060045
LOSS valid PSNR 16.86 dB. 

EPOCH 401 starts at 2024-02-29 20:31:16
LOSS train 0.00964654 valid 0.02022615
LOSS valid PSNR 16.94 dB. 

EPOCH 402 starts at 2024-02-29 20:31:19
LOSS train 0.00939232 valid 0.02007606
LOSS valid PSNR 16.97 dB. 

EPOCH 403 starts at 2024-02-29 20:31:23
LOSS train 0.00928197 valid 0.01968024
LOSS valid PSNR 17.06 dB. 

EPOCH 404 starts at 2024-02-29 20:31:27
LOSS train 0.00922077 valid 0.01965626
LOSS valid PSNR 17.06 dB. 

EPOCH 405 starts at 2024-02-29 20:31:30
LOSS train 0.00920645 valid 0.01959476
LOSS valid PSNR 17.08 dB. 

EPOCH 406 starts at 2024-02-29 20:31:34
LOSS train 0.00922164 valid 0.01961376
LOSS valid PSNR 17.07 dB. 

EPOCH 407 starts at 2024-02-29 20:31:37
LOSS train 0.00924477 valid 0.01960372
LOSS valid PSNR 17.08 dB. 

EPOCH 408 starts at 2024-02-29 20:31:41
LOSS train 0.00917681 valid 0.01977156
LOSS valid PSNR 17.04 dB. 

EPOCH 409 starts at 2024-02-29 20:31:45
LOSS train 0.00928012 valid 0.01997793
LOSS valid PSNR 16.99 dB. 

EPOCH 410 starts at 2024-02-29 20:31:48
LOSS train 0.00933983 valid 0.02018267
LOSS valid PSNR 16.95 dB. 

EPOCH 411 starts at 2024-02-29 20:31:52
LOSS train 0.00933331 valid 0.01980110
LOSS valid PSNR 17.03 dB. 

EPOCH 412 starts at 2024-02-29 20:31:56
LOSS train 0.00920266 valid 0.01956846
LOSS valid PSNR 17.08 dB. 

EPOCH 413 starts at 2024-02-29 20:31:59
LOSS train 0.00911661 valid 0.01952696
LOSS valid PSNR 17.09 dB. 

EPOCH 414 starts at 2024-02-29 20:32:03
LOSS train 0.00908625 valid 0.01952050
LOSS valid PSNR 17.10 dB. 

EPOCH 415 starts at 2024-02-29 20:32:07
LOSS train 0.00909735 valid 0.01947987
LOSS valid PSNR 17.10 dB. 

EPOCH 416 starts at 2024-02-29 20:32:10
LOSS train 0.00917094 valid 0.02017685
LOSS valid PSNR 16.95 dB. 

EPOCH 417 starts at 2024-02-29 20:32:14
LOSS train 0.00941547 valid 0.01992583
LOSS valid PSNR 17.01 dB. 

EPOCH 418 starts at 2024-02-29 20:32:17
LOSS train 0.00919528 valid 0.01992229
LOSS valid PSNR 17.01 dB. 

EPOCH 419 starts at 2024-02-29 20:32:21
LOSS train 0.00922001 valid 0.01970314
LOSS valid PSNR 17.05 dB. 

EPOCH 420 starts at 2024-02-29 20:32:25
LOSS train 0.00912148 valid 0.01947492
LOSS valid PSNR 17.11 dB. 

EPOCH 421 starts at 2024-02-29 20:32:28
LOSS train 0.00912626 valid 0.01946997
LOSS valid PSNR 17.11 dB. 

EPOCH 422 starts at 2024-02-29 20:32:32
LOSS train 0.00908675 valid 0.01945966
LOSS valid PSNR 17.11 dB. 

EPOCH 423 starts at 2024-02-29 20:32:35
LOSS train 0.00918955 valid 0.02015890
LOSS valid PSNR 16.96 dB. 

EPOCH 424 starts at 2024-02-29 20:32:39
LOSS train 0.00928034 valid 0.01994112
LOSS valid PSNR 17.00 dB. 

EPOCH 425 starts at 2024-02-29 20:32:43
LOSS train 0.00915402 valid 0.01950116
LOSS valid PSNR 17.10 dB. 

EPOCH 426 starts at 2024-02-29 20:32:46
LOSS train 0.00912053 valid 0.01939913
LOSS valid PSNR 17.12 dB. 

EPOCH 427 starts at 2024-02-29 20:32:50
LOSS train 0.00910187 valid 0.01986873
LOSS valid PSNR 17.02 dB. 

EPOCH 428 starts at 2024-02-29 20:32:53
LOSS train 0.00930181 valid 0.01952707
LOSS valid PSNR 17.09 dB. 

EPOCH 429 starts at 2024-02-29 20:32:57
LOSS train 0.00913342 valid 0.01955325
LOSS valid PSNR 17.09 dB. 

EPOCH 430 starts at 2024-02-29 20:33:01
LOSS train 0.00912057 valid 0.01941380
LOSS valid PSNR 17.12 dB. 

EPOCH 431 starts at 2024-02-29 20:33:04
LOSS train 0.00910852 valid 0.01946550
LOSS valid PSNR 17.11 dB. 

EPOCH 432 starts at 2024-02-29 20:33:08
LOSS train 0.00906189 valid 0.01949747
LOSS valid PSNR 17.10 dB. 

EPOCH 433 starts at 2024-02-29 20:33:12
LOSS train 0.00953837 valid 0.02022253
LOSS valid PSNR 16.94 dB. 

EPOCH 434 starts at 2024-02-29 20:33:15
LOSS train 0.00950502 valid 0.02005759
LOSS valid PSNR 16.98 dB. 

EPOCH 435 starts at 2024-02-29 20:33:19
LOSS train 0.00935252 valid 0.01989664
LOSS valid PSNR 17.01 dB. 

EPOCH 436 starts at 2024-02-29 20:33:22
LOSS train 0.00918833 valid 0.01947047
LOSS valid PSNR 17.11 dB. 

EPOCH 437 starts at 2024-02-29 20:33:26
LOSS train 0.00908561 valid 0.01940088
LOSS valid PSNR 17.12 dB. 

EPOCH 438 starts at 2024-02-29 20:33:30
LOSS train 0.00906293 valid 0.01936623
LOSS valid PSNR 17.13 dB. 

EPOCH 439 starts at 2024-02-29 20:33:33
LOSS train 0.00905088 valid 0.01940555
LOSS valid PSNR 17.12 dB. 

EPOCH 440 starts at 2024-02-29 20:33:37
LOSS train 0.00905300 valid 0.01947268
LOSS valid PSNR 17.11 dB. 

EPOCH 441 starts at 2024-02-29 20:33:40
LOSS train 0.00918532 valid 0.01943169
LOSS valid PSNR 17.11 dB. 

EPOCH 442 starts at 2024-02-29 20:33:44
LOSS train 0.00905840 valid 0.01933204
LOSS valid PSNR 17.14 dB. 

EPOCH 443 starts at 2024-02-29 20:33:48
LOSS train 0.00907925 valid 0.01949817
LOSS valid PSNR 17.10 dB. 

EPOCH 444 starts at 2024-02-29 20:33:51
LOSS train 0.00913078 valid 0.01994149
LOSS valid PSNR 17.00 dB. 

EPOCH 445 starts at 2024-02-29 20:33:55
LOSS train 0.00927582 valid 0.01998245
LOSS valid PSNR 16.99 dB. 

EPOCH 446 starts at 2024-02-29 20:33:59
LOSS train 0.00947357 valid 0.02073052
LOSS valid PSNR 16.83 dB. 

EPOCH 447 starts at 2024-02-29 20:34:02
LOSS train 0.00929672 valid 0.01982590
LOSS valid PSNR 17.03 dB. 

EPOCH 448 starts at 2024-02-29 20:34:06
LOSS train 0.00917984 valid 0.01942316
LOSS valid PSNR 17.12 dB. 

EPOCH 449 starts at 2024-02-29 20:34:09
LOSS train 0.00911308 valid 0.01953801
LOSS valid PSNR 17.09 dB. 

EPOCH 450 starts at 2024-02-29 20:34:13
LOSS train 0.00907831 valid 0.01938530
LOSS valid PSNR 17.13 dB. 

EPOCH 451 starts at 2024-02-29 20:34:17
LOSS train 0.00904594 valid 0.01928676
LOSS valid PSNR 17.15 dB. 

EPOCH 452 starts at 2024-02-29 20:34:20
LOSS train 0.00907179 valid 0.01932975
LOSS valid PSNR 17.14 dB. 

EPOCH 453 starts at 2024-02-29 20:34:24
LOSS train 0.00914477 valid 0.01925485
LOSS valid PSNR 17.15 dB. 

EPOCH 454 starts at 2024-02-29 20:34:28
LOSS train 0.00905961 valid 0.01924079
LOSS valid PSNR 17.16 dB. 

EPOCH 455 starts at 2024-02-29 20:34:31
LOSS train 0.00902724 valid 0.01930185
LOSS valid PSNR 17.14 dB. 

EPOCH 456 starts at 2024-02-29 20:34:35
LOSS train 0.00897684 valid 0.01923618
LOSS valid PSNR 17.16 dB. 

EPOCH 457 starts at 2024-02-29 20:34:38
LOSS train 0.00899717 valid 0.01938372
LOSS valid PSNR 17.13 dB. 

EPOCH 458 starts at 2024-02-29 20:34:42
LOSS train 0.00943379 valid 0.02028066
LOSS valid PSNR 16.93 dB. 

EPOCH 459 starts at 2024-02-29 20:34:46
LOSS train 0.00936461 valid 0.02006415
LOSS valid PSNR 16.98 dB. 

EPOCH 460 starts at 2024-02-29 20:34:49
LOSS train 0.00928090 valid 0.01939138
LOSS valid PSNR 17.12 dB. 

EPOCH 461 starts at 2024-02-29 20:34:53
LOSS train 0.00904608 valid 0.01938979
LOSS valid PSNR 17.12 dB. 

EPOCH 462 starts at 2024-02-29 20:34:56
LOSS train 0.00902643 valid 0.01925311
LOSS valid PSNR 17.15 dB. 

EPOCH 463 starts at 2024-02-29 20:35:00
LOSS train 0.00900354 valid 0.01927584
LOSS valid PSNR 17.15 dB. 

EPOCH 464 starts at 2024-02-29 20:35:04
LOSS train 0.00900926 valid 0.01917986
LOSS valid PSNR 17.17 dB. 

EPOCH 465 starts at 2024-02-29 20:35:07
LOSS train 0.00898561 valid 0.01932408
LOSS valid PSNR 17.14 dB. 

EPOCH 466 starts at 2024-02-29 20:35:11
LOSS train 0.00900759 valid 0.01925605
LOSS valid PSNR 17.15 dB. 

EPOCH 467 starts at 2024-02-29 20:35:15
LOSS train 0.00907845 valid 0.01927527
LOSS valid PSNR 17.15 dB. 

EPOCH 468 starts at 2024-02-29 20:35:18
LOSS train 0.00905883 valid 0.01943859
LOSS valid PSNR 17.11 dB. 

EPOCH 469 starts at 2024-02-29 20:35:22
LOSS train 0.00906230 valid 0.01974251
LOSS valid PSNR 17.05 dB. 

EPOCH 470 starts at 2024-02-29 20:35:26
LOSS train 0.00913063 valid 0.01966009
LOSS valid PSNR 17.06 dB. 

EPOCH 471 starts at 2024-02-29 20:35:29
LOSS train 0.00902695 valid 0.01928202
LOSS valid PSNR 17.15 dB. 

EPOCH 472 starts at 2024-02-29 20:35:33
LOSS train 0.00899113 valid 0.01920809
LOSS valid PSNR 17.17 dB. 

EPOCH 473 starts at 2024-02-29 20:35:37
LOSS train 0.00900201 valid 0.01931826
LOSS valid PSNR 17.14 dB. 

EPOCH 474 starts at 2024-02-29 20:35:40
LOSS train 0.00900978 valid 0.01924082
LOSS valid PSNR 17.16 dB. 

EPOCH 475 starts at 2024-02-29 20:35:44
LOSS train 0.00897185 valid 0.01919728
LOSS valid PSNR 17.17 dB. 

EPOCH 476 starts at 2024-02-29 20:35:47
LOSS train 0.00924444 valid 0.01945123
LOSS valid PSNR 17.11 dB. 

EPOCH 477 starts at 2024-02-29 20:35:51
LOSS train 0.00906522 valid 0.01916111
LOSS valid PSNR 17.18 dB. 

EPOCH 478 starts at 2024-02-29 20:35:55
LOSS train 0.00905173 valid 0.01932482
LOSS valid PSNR 17.14 dB. 

EPOCH 479 starts at 2024-02-29 20:35:58
LOSS train 0.00903578 valid 0.01946732
LOSS valid PSNR 17.11 dB. 

EPOCH 480 starts at 2024-02-29 20:36:02
LOSS train 0.00904991 valid 0.01948242
LOSS valid PSNR 17.10 dB. 

EPOCH 481 starts at 2024-02-29 20:36:06
LOSS train 0.00903564 valid 0.01927226
LOSS valid PSNR 17.15 dB. 

EPOCH 482 starts at 2024-02-29 20:36:09
LOSS train 0.00895301 valid 0.01919378
LOSS valid PSNR 17.17 dB. 

EPOCH 483 starts at 2024-02-29 20:36:13
LOSS train 0.00898238 valid 0.01921461
LOSS valid PSNR 17.16 dB. 

EPOCH 484 starts at 2024-02-29 20:36:16
LOSS train 0.00903303 valid 0.01921308
LOSS valid PSNR 17.16 dB. 

EPOCH 485 starts at 2024-02-29 20:36:20
LOSS train 0.00895900 valid 0.01925946
LOSS valid PSNR 17.15 dB. 

EPOCH 486 starts at 2024-02-29 20:36:24
LOSS train 0.00898200 valid 0.01909914
LOSS valid PSNR 17.19 dB. 

EPOCH 487 starts at 2024-02-29 20:36:27
LOSS train 0.00893339 valid 0.01912599
LOSS valid PSNR 17.18 dB. 

EPOCH 488 starts at 2024-02-29 20:36:31
LOSS train 0.00898871 valid 0.01969825
LOSS valid PSNR 17.06 dB. 

EPOCH 489 starts at 2024-02-29 20:36:34
LOSS train 0.00905945 valid 0.01951596
LOSS valid PSNR 17.10 dB. 

EPOCH 490 starts at 2024-02-29 20:36:38
LOSS train 0.00910664 valid 0.01923630
LOSS valid PSNR 17.16 dB. 

EPOCH 491 starts at 2024-02-29 20:36:42
LOSS train 0.00899695 valid 0.01920543
LOSS valid PSNR 17.17 dB. 

EPOCH 492 starts at 2024-02-29 20:36:45
LOSS train 0.00905593 valid 0.01913019
LOSS valid PSNR 17.18 dB. 

EPOCH 493 starts at 2024-02-29 20:36:49
LOSS train 0.00901392 valid 0.01948461
LOSS valid PSNR 17.10 dB. 

EPOCH 494 starts at 2024-02-29 20:36:53
LOSS train 0.00902503 valid 0.01944525
LOSS valid PSNR 17.11 dB. 

EPOCH 495 starts at 2024-02-29 20:36:56
LOSS train 0.00921409 valid 0.01935090
LOSS valid PSNR 17.13 dB. 

EPOCH 496 starts at 2024-02-29 20:37:00
LOSS train 0.00907310 valid 0.01921551
LOSS valid PSNR 17.16 dB. 

EPOCH 497 starts at 2024-02-29 20:37:04
LOSS train 0.00898907 valid 0.01936643
LOSS valid PSNR 17.13 dB. 

EPOCH 498 starts at 2024-02-29 20:37:07
LOSS train 0.00898005 valid 0.01947010
LOSS valid PSNR 17.11 dB. 

EPOCH 499 starts at 2024-02-29 20:37:11
LOSS train 0.00904755 valid 0.01940295
LOSS valid PSNR 17.12 dB. 

EPOCH 500 starts at 2024-02-29 20:37:15
LOSS train 0.00898843 valid 0.01926129
LOSS valid PSNR 17.15 dB. 

EPOCH 501 starts at 2024-02-29 20:37:18
LOSS train 0.00896648 valid 0.01919385
LOSS valid PSNR 17.17 dB. 

EPOCH 502 starts at 2024-02-29 20:37:22
LOSS train 0.00896084 valid 0.01943354
LOSS valid PSNR 17.11 dB. 

EPOCH 503 starts at 2024-02-29 20:37:26
LOSS train 0.00898791 valid 0.01927988
LOSS valid PSNR 17.15 dB. 

EPOCH 504 starts at 2024-02-29 20:37:29
LOSS train 0.00902010 valid 0.01917908
LOSS valid PSNR 17.17 dB. 

EPOCH 505 starts at 2024-02-29 20:37:33
LOSS train 0.00900578 valid 0.01922243
LOSS valid PSNR 17.16 dB. 

EPOCH 506 starts at 2024-02-29 20:37:37
LOSS train 0.00907132 valid 0.01916527
LOSS valid PSNR 17.17 dB. 

EPOCH 507 starts at 2024-02-29 20:37:40
LOSS train 0.00899612 valid 0.01914835
LOSS valid PSNR 17.18 dB. 

EPOCH 508 starts at 2024-02-29 20:37:44
LOSS train 0.00895971 valid 0.01906376
LOSS valid PSNR 17.20 dB. 

EPOCH 509 starts at 2024-02-29 20:37:47
LOSS train 0.00889436 valid 0.01900033
LOSS valid PSNR 17.21 dB. 

EPOCH 510 starts at 2024-02-29 20:37:51
LOSS train 0.00890913 valid 0.01898344
LOSS valid PSNR 17.22 dB. 

EPOCH 511 starts at 2024-02-29 20:37:55
LOSS train 0.00889096 valid 0.01973490
LOSS valid PSNR 17.05 dB. 

EPOCH 512 starts at 2024-02-29 20:37:58
LOSS train 0.00933809 valid 0.02063339
LOSS valid PSNR 16.85 dB. 

EPOCH 513 starts at 2024-02-29 20:38:02
LOSS train 0.00921867 valid 0.01972744
LOSS valid PSNR 17.05 dB. 

EPOCH 514 starts at 2024-02-29 20:38:06
LOSS train 0.00904366 valid 0.01904050
LOSS valid PSNR 17.20 dB. 

EPOCH 515 starts at 2024-02-29 20:38:10
LOSS train 0.00898672 valid 0.01939639
LOSS valid PSNR 17.12 dB. 

EPOCH 516 starts at 2024-02-29 20:38:13
LOSS train 0.00902175 valid 0.01936263
LOSS valid PSNR 17.13 dB. 

EPOCH 517 starts at 2024-02-29 20:38:17
LOSS train 0.00897289 valid 0.01911421
LOSS valid PSNR 17.19 dB. 

EPOCH 518 starts at 2024-02-29 20:38:20
LOSS train 0.00892310 valid 0.01905777
LOSS valid PSNR 17.20 dB. 

EPOCH 519 starts at 2024-02-29 20:38:24
LOSS train 0.00903327 valid 0.01912621
LOSS valid PSNR 17.18 dB. 

EPOCH 520 starts at 2024-02-29 20:38:28
LOSS train 0.00887500 valid 0.01906871
LOSS valid PSNR 17.20 dB. 

EPOCH 521 starts at 2024-02-29 20:38:31
LOSS train 0.00889422 valid 0.01897252
LOSS valid PSNR 17.22 dB. 

EPOCH 522 starts at 2024-02-29 20:38:35
LOSS train 0.00892608 valid 0.01906079
LOSS valid PSNR 17.20 dB. 

EPOCH 523 starts at 2024-02-29 20:38:39
LOSS train 0.00893262 valid 0.01906009
LOSS valid PSNR 17.20 dB. 

EPOCH 524 starts at 2024-02-29 20:38:42
LOSS train 0.00887867 valid 0.01901618
LOSS valid PSNR 17.21 dB. 

EPOCH 525 starts at 2024-02-29 20:38:46
LOSS train 0.00894516 valid 0.01899060
LOSS valid PSNR 17.21 dB. 

EPOCH 526 starts at 2024-02-29 20:38:50
LOSS train 0.00888132 valid 0.01900948
LOSS valid PSNR 17.21 dB. 

EPOCH 527 starts at 2024-02-29 20:38:53
LOSS train 0.00891435 valid 0.01941087
LOSS valid PSNR 17.12 dB. 

EPOCH 528 starts at 2024-02-29 20:38:57
LOSS train 0.00907891 valid 0.01952121
LOSS valid PSNR 17.09 dB. 

EPOCH 529 starts at 2024-02-29 20:39:00
LOSS train 0.00924006 valid 0.01981829
LOSS valid PSNR 17.03 dB. 

EPOCH 530 starts at 2024-02-29 20:39:04
LOSS train 0.00924449 valid 0.01947489
LOSS valid PSNR 17.11 dB. 

EPOCH 531 starts at 2024-02-29 20:39:08
LOSS train 0.00901481 valid 0.01905238
LOSS valid PSNR 17.20 dB. 

EPOCH 532 starts at 2024-02-29 20:39:11
LOSS train 0.00896124 valid 0.01904675
LOSS valid PSNR 17.20 dB. 

EPOCH 533 starts at 2024-02-29 20:39:15
LOSS train 0.00886961 valid 0.01922349
LOSS valid PSNR 17.16 dB. 

EPOCH 534 starts at 2024-02-29 20:39:18
LOSS train 0.00892608 valid 0.01918103
LOSS valid PSNR 17.17 dB. 

EPOCH 535 starts at 2024-02-29 20:39:22
LOSS train 0.00892193 valid 0.01914864
LOSS valid PSNR 17.18 dB. 

EPOCH 536 starts at 2024-02-29 20:39:26
LOSS train 0.00893459 valid 0.01901216
LOSS valid PSNR 17.21 dB. 

EPOCH 537 starts at 2024-02-29 20:39:29
LOSS train 0.00889999 valid 0.01891334
LOSS valid PSNR 17.23 dB. 

EPOCH 538 starts at 2024-02-29 20:39:33
LOSS train 0.00889844 valid 0.01888685
LOSS valid PSNR 17.24 dB. 

EPOCH 539 starts at 2024-02-29 20:39:37
LOSS train 0.00884126 valid 0.01889075
LOSS valid PSNR 17.24 dB. 

EPOCH 540 starts at 2024-02-29 20:39:41
LOSS train 0.00881418 valid 0.01886236
LOSS valid PSNR 17.24 dB. 

EPOCH 541 starts at 2024-02-29 20:39:44
LOSS train 0.00884488 valid 0.01885766
LOSS valid PSNR 17.25 dB. 

EPOCH 542 starts at 2024-02-29 20:39:48
LOSS train 0.00887587 valid 0.02083303
LOSS valid PSNR 16.81 dB. 

EPOCH 543 starts at 2024-02-29 20:39:51
LOSS train 0.00982297 valid 0.01948549
LOSS valid PSNR 17.10 dB. 

EPOCH 544 starts at 2024-02-29 20:39:55
LOSS train 0.01036044 valid 0.02413405
LOSS valid PSNR 16.17 dB. 

EPOCH 545 starts at 2024-02-29 20:39:58
LOSS train 0.01385618 valid 0.03633551
LOSS valid PSNR 14.40 dB. 

EPOCH 546 starts at 2024-02-29 20:40:02
LOSS train 0.01446681 valid 0.02701087
LOSS valid PSNR 15.68 dB. 

EPOCH 547 starts at 2024-02-29 20:40:06
LOSS train 0.01214290 valid 0.02395754
LOSS valid PSNR 16.21 dB. 

EPOCH 548 starts at 2024-02-29 20:40:09
LOSS train 0.01101915 valid 0.02202090
LOSS valid PSNR 16.57 dB. 

EPOCH 549 starts at 2024-02-29 20:40:13
LOSS train 0.01029307 valid 0.02162792
LOSS valid PSNR 16.65 dB. 

EPOCH 550 starts at 2024-02-29 20:40:16
LOSS train 0.00989769 valid 0.02067664
LOSS valid PSNR 16.85 dB. 

EPOCH 551 starts at 2024-02-29 20:40:20
LOSS train 0.00957880 valid 0.02027837
LOSS valid PSNR 16.93 dB. 

EPOCH 552 starts at 2024-02-29 20:40:23
LOSS train 0.00940079 valid 0.01996590
LOSS valid PSNR 17.00 dB. 

EPOCH 553 starts at 2024-02-29 20:40:27
LOSS train 0.00925106 valid 0.01979385
LOSS valid PSNR 17.03 dB. 

EPOCH 554 starts at 2024-02-29 20:40:31
LOSS train 0.00917093 valid 0.01969535
LOSS valid PSNR 17.06 dB. 

EPOCH 555 starts at 2024-02-29 20:40:34
LOSS train 0.00915180 valid 0.01938701
LOSS valid PSNR 17.12 dB. 

EPOCH 556 starts at 2024-02-29 20:40:38
LOSS train 0.00906027 valid 0.01930736
LOSS valid PSNR 17.14 dB. 

EPOCH 557 starts at 2024-02-29 20:40:41
LOSS train 0.00901259 valid 0.01926700
LOSS valid PSNR 17.15 dB. 

EPOCH 558 starts at 2024-02-29 20:40:45
LOSS train 0.00897903 valid 0.01918327
LOSS valid PSNR 17.17 dB. 

EPOCH 559 starts at 2024-02-29 20:40:48
LOSS train 0.00898155 valid 0.01917236
LOSS valid PSNR 17.17 dB. 

EPOCH 560 starts at 2024-02-29 20:40:52
LOSS train 0.00893757 valid 0.01910021
LOSS valid PSNR 17.19 dB. 

EPOCH 561 starts at 2024-02-29 20:40:56
LOSS train 0.00892436 valid 0.01906827
LOSS valid PSNR 17.20 dB. 

EPOCH 562 starts at 2024-02-29 20:40:59
LOSS train 0.00893999 valid 0.01902310
LOSS valid PSNR 17.21 dB. 

EPOCH 563 starts at 2024-02-29 20:41:03
LOSS train 0.00887943 valid 0.01901620
LOSS valid PSNR 17.21 dB. 

EPOCH 564 starts at 2024-02-29 20:41:07
LOSS train 0.00889196 valid 0.01900061
LOSS valid PSNR 17.21 dB. 

EPOCH 565 starts at 2024-02-29 20:41:10
LOSS train 0.00886281 valid 0.01897101
LOSS valid PSNR 17.22 dB. 

EPOCH 566 starts at 2024-02-29 20:41:14
LOSS train 0.00886193 valid 0.01897631
LOSS valid PSNR 17.22 dB. 

EPOCH 567 starts at 2024-02-29 20:41:18
LOSS train 0.00887671 valid 0.01893920
LOSS valid PSNR 17.23 dB. 

EPOCH 568 starts at 2024-02-29 20:41:21
LOSS train 0.00884569 valid 0.01893638
LOSS valid PSNR 17.23 dB. 

EPOCH 569 starts at 2024-02-29 20:41:25
LOSS train 0.00885219 valid 0.01891737
LOSS valid PSNR 17.23 dB. 

EPOCH 570 starts at 2024-02-29 20:41:28
LOSS train 0.00886608 valid 0.01890261
LOSS valid PSNR 17.23 dB. 

EPOCH 571 starts at 2024-02-29 20:41:32
LOSS train 0.00881408 valid 0.01899318
LOSS valid PSNR 17.21 dB. 

EPOCH 572 starts at 2024-02-29 20:41:35
LOSS train 0.00886861 valid 0.01889755
LOSS valid PSNR 17.24 dB. 

EPOCH 573 starts at 2024-02-29 20:41:39
LOSS train 0.00884842 valid 0.01891731
LOSS valid PSNR 17.23 dB. 

EPOCH 574 starts at 2024-02-29 20:41:42
LOSS train 0.00883714 valid 0.01890530
LOSS valid PSNR 17.23 dB. 

EPOCH 575 starts at 2024-02-29 20:41:46
LOSS train 0.00886224 valid 0.01897209
LOSS valid PSNR 17.22 dB. 

EPOCH 576 starts at 2024-02-29 20:41:50
LOSS train 0.00880658 valid 0.01889114
LOSS valid PSNR 17.24 dB. 

EPOCH 577 starts at 2024-02-29 20:41:53
LOSS train 0.00887090 valid 0.01889830
LOSS valid PSNR 17.24 dB. 

EPOCH 578 starts at 2024-02-29 20:41:57
LOSS train 0.00884572 valid 0.01885683
LOSS valid PSNR 17.25 dB. 

EPOCH 579 starts at 2024-02-29 20:42:01
LOSS train 0.00886906 valid 0.01918147
LOSS valid PSNR 17.17 dB. 

EPOCH 580 starts at 2024-02-29 20:42:04
LOSS train 0.00887642 valid 0.01888234
LOSS valid PSNR 17.24 dB. 

EPOCH 581 starts at 2024-02-29 20:42:08
LOSS train 0.00884141 valid 0.01882765
LOSS valid PSNR 17.25 dB. 

EPOCH 582 starts at 2024-02-29 20:42:11
LOSS train 0.00880130 valid 0.01891780
LOSS valid PSNR 17.23 dB. 

EPOCH 583 starts at 2024-02-29 20:42:15
LOSS train 0.00879851 valid 0.01882266
LOSS valid PSNR 17.25 dB. 

EPOCH 584 starts at 2024-02-29 20:42:19
LOSS train 0.00884247 valid 0.01882028
LOSS valid PSNR 17.25 dB. 

EPOCH 585 starts at 2024-02-29 20:42:22
LOSS train 0.00878001 valid 0.01882814
LOSS valid PSNR 17.25 dB. 

EPOCH 586 starts at 2024-02-29 20:42:26
LOSS train 0.00878746 valid 0.01880070
LOSS valid PSNR 17.26 dB. 

EPOCH 587 starts at 2024-02-29 20:42:29
LOSS train 0.00879332 valid 0.01881608
LOSS valid PSNR 17.25 dB. 

EPOCH 588 starts at 2024-02-29 20:42:33
LOSS train 0.00877636 valid 0.01881034
LOSS valid PSNR 17.26 dB. 

EPOCH 589 starts at 2024-02-29 20:42:37
LOSS train 0.00876426 valid 0.01881093
LOSS valid PSNR 17.26 dB. 

EPOCH 590 starts at 2024-02-29 20:42:40
LOSS train 0.00875934 valid 0.01899098
LOSS valid PSNR 17.21 dB. 

EPOCH 591 starts at 2024-02-29 20:42:44
LOSS train 0.00884671 valid 0.01886695
LOSS valid PSNR 17.24 dB. 

EPOCH 592 starts at 2024-02-29 20:42:47
LOSS train 0.00885351 valid 0.01887494
LOSS valid PSNR 17.24 dB. 

EPOCH 593 starts at 2024-02-29 20:42:51
LOSS train 0.00881686 valid 0.01887705
LOSS valid PSNR 17.24 dB. 

EPOCH 594 starts at 2024-02-29 20:42:54
LOSS train 0.00880987 valid 0.01882847
LOSS valid PSNR 17.25 dB. 

EPOCH 595 starts at 2024-02-29 20:42:58
LOSS train 0.00876651 valid 0.01882489
LOSS valid PSNR 17.25 dB. 

EPOCH 596 starts at 2024-02-29 20:43:01
LOSS train 0.00879844 valid 0.01878923
LOSS valid PSNR 17.26 dB. 

EPOCH 597 starts at 2024-02-29 20:43:05
LOSS train 0.00880588 valid 0.01887274
LOSS valid PSNR 17.24 dB. 

EPOCH 598 starts at 2024-02-29 20:43:08
LOSS train 0.00878338 valid 0.01880373
LOSS valid PSNR 17.26 dB. 

EPOCH 599 starts at 2024-02-29 20:43:12
LOSS train 0.00877684 valid 0.01876394
LOSS valid PSNR 17.27 dB. 

EPOCH 600 starts at 2024-02-29 20:43:15
LOSS train 0.00883440 valid 0.01896399
LOSS valid PSNR 17.22 dB. 

EPOCH 601 starts at 2024-02-29 20:43:19
LOSS train 0.00884077 valid 0.01887247
LOSS valid PSNR 17.24 dB. 

EPOCH 602 starts at 2024-02-29 20:43:23
LOSS train 0.00885618 valid 0.01884543
LOSS valid PSNR 17.25 dB. 

EPOCH 603 starts at 2024-02-29 20:43:27
LOSS train 0.00884177 valid 0.01891792
LOSS valid PSNR 17.23 dB. 

EPOCH 604 starts at 2024-02-29 20:43:30
LOSS train 0.00880342 valid 0.01878916
LOSS valid PSNR 17.26 dB. 

EPOCH 605 starts at 2024-02-29 20:43:34
LOSS train 0.00874008 valid 0.01874358
LOSS valid PSNR 17.27 dB. 

EPOCH 606 starts at 2024-02-29 20:43:37
LOSS train 0.00881838 valid 0.01885496
LOSS valid PSNR 17.25 dB. 

EPOCH 607 starts at 2024-02-29 20:43:41
LOSS train 0.00880146 valid 0.01882897
LOSS valid PSNR 17.25 dB. 

EPOCH 608 starts at 2024-02-29 20:43:44
LOSS train 0.00877047 valid 0.01871213
LOSS valid PSNR 17.28 dB. 

EPOCH 609 starts at 2024-02-29 20:43:48
LOSS train 0.00876852 valid 0.01880054
LOSS valid PSNR 17.26 dB. 

EPOCH 610 starts at 2024-02-29 20:43:51
LOSS train 0.00874629 valid 0.01883084
LOSS valid PSNR 17.25 dB. 

EPOCH 611 starts at 2024-02-29 20:43:55
LOSS train 0.00886348 valid 0.01895080
LOSS valid PSNR 17.22 dB. 

EPOCH 612 starts at 2024-02-29 20:43:58
LOSS train 0.00883337 valid 0.01903391
LOSS valid PSNR 17.20 dB. 

EPOCH 613 starts at 2024-02-29 20:44:02
LOSS train 0.00884826 valid 0.01885161
LOSS valid PSNR 17.25 dB. 

EPOCH 614 starts at 2024-02-29 20:44:06
LOSS train 0.00879584 valid 0.01889609
LOSS valid PSNR 17.24 dB. 

EPOCH 615 starts at 2024-02-29 20:44:09
LOSS train 0.00878642 valid 0.01886451
LOSS valid PSNR 17.24 dB. 

EPOCH 616 starts at 2024-02-29 20:44:13
LOSS train 0.00876907 valid 0.01870992
LOSS valid PSNR 17.28 dB. 

EPOCH 617 starts at 2024-02-29 20:44:17
LOSS train 0.00877645 valid 0.01881848
LOSS valid PSNR 17.25 dB. 

EPOCH 618 starts at 2024-02-29 20:44:20
LOSS train 0.00880687 valid 0.01896085
LOSS valid PSNR 17.22 dB. 

EPOCH 619 starts at 2024-02-29 20:44:24
LOSS train 0.00886110 valid 0.01878473
LOSS valid PSNR 17.26 dB. 

EPOCH 620 starts at 2024-02-29 20:44:27
LOSS train 0.00878373 valid 0.01871479
LOSS valid PSNR 17.28 dB. 

EPOCH 621 starts at 2024-02-29 20:44:31
LOSS train 0.00873102 valid 0.01873424
LOSS valid PSNR 17.27 dB. 

EPOCH 622 starts at 2024-02-29 20:44:35
LOSS train 0.00871448 valid 0.01875719
LOSS valid PSNR 17.27 dB. 

EPOCH 623 starts at 2024-02-29 20:44:39
LOSS train 0.00880518 valid 0.01876351
LOSS valid PSNR 17.27 dB. 

EPOCH 624 starts at 2024-02-29 20:44:42
LOSS train 0.00874258 valid 0.01888521
LOSS valid PSNR 17.24 dB. 

EPOCH 625 starts at 2024-02-29 20:44:46
LOSS train 0.00879996 valid 0.01869900
LOSS valid PSNR 17.28 dB. 

EPOCH 626 starts at 2024-02-29 20:44:49
LOSS train 0.00874681 valid 0.01869093
LOSS valid PSNR 17.28 dB. 

EPOCH 627 starts at 2024-02-29 20:44:53
LOSS train 0.00872975 valid 0.01865645
LOSS valid PSNR 17.29 dB. 

EPOCH 628 starts at 2024-02-29 20:44:56
LOSS train 0.00871996 valid 0.01867679
LOSS valid PSNR 17.29 dB. 

EPOCH 629 starts at 2024-02-29 20:45:00
LOSS train 0.00871073 valid 0.01863196
LOSS valid PSNR 17.30 dB. 

EPOCH 630 starts at 2024-02-29 20:45:04
LOSS train 0.00880583 valid 0.02025049
LOSS valid PSNR 16.94 dB. 

EPOCH 631 starts at 2024-02-29 20:45:07
LOSS train 0.00997377 valid 0.01993356
LOSS valid PSNR 17.00 dB. 

EPOCH 632 starts at 2024-02-29 20:45:11
LOSS train 0.01003838 valid 0.02027828
LOSS valid PSNR 16.93 dB. 

EPOCH 633 starts at 2024-02-29 20:45:14
LOSS train 0.00925870 valid 0.01957536
LOSS valid PSNR 17.08 dB. 

EPOCH 634 starts at 2024-02-29 20:45:18
LOSS train 0.00901818 valid 0.01917829
LOSS valid PSNR 17.17 dB. 

EPOCH 635 starts at 2024-02-29 20:45:21
LOSS train 0.00888152 valid 0.01897806
LOSS valid PSNR 17.22 dB. 

EPOCH 636 starts at 2024-02-29 20:45:25
LOSS train 0.00882079 valid 0.01884294
LOSS valid PSNR 17.25 dB. 

EPOCH 637 starts at 2024-02-29 20:45:29
LOSS train 0.00877924 valid 0.01873808
LOSS valid PSNR 17.27 dB. 

EPOCH 638 starts at 2024-02-29 20:45:32
LOSS train 0.00876432 valid 0.01865868
LOSS valid PSNR 17.29 dB. 

EPOCH 639 starts at 2024-02-29 20:45:36
LOSS train 0.00873308 valid 0.01867433
LOSS valid PSNR 17.29 dB. 

EPOCH 640 starts at 2024-02-29 20:45:40
LOSS train 0.00870423 valid 0.01866802
LOSS valid PSNR 17.29 dB. 

EPOCH 641 starts at 2024-02-29 20:45:43
LOSS train 0.00870481 valid 0.01865539
LOSS valid PSNR 17.29 dB. 

EPOCH 642 starts at 2024-02-29 20:45:47
LOSS train 0.00872215 valid 0.01868548
LOSS valid PSNR 17.28 dB. 

EPOCH 643 starts at 2024-02-29 20:45:50
LOSS train 0.00873139 valid 0.01863357
LOSS valid PSNR 17.30 dB. 

EPOCH 644 starts at 2024-02-29 20:45:54
LOSS train 0.00871041 valid 0.01861405
LOSS valid PSNR 17.30 dB. 

EPOCH 645 starts at 2024-02-29 20:45:58
LOSS train 0.00871823 valid 0.01866466
LOSS valid PSNR 17.29 dB. 

EPOCH 646 starts at 2024-02-29 20:46:01
LOSS train 0.00868034 valid 0.01864237
LOSS valid PSNR 17.29 dB. 

EPOCH 647 starts at 2024-02-29 20:46:05
LOSS train 0.00871471 valid 0.01860567
LOSS valid PSNR 17.30 dB. 

EPOCH 648 starts at 2024-02-29 20:46:09
LOSS train 0.00870101 valid 0.01862994
LOSS valid PSNR 17.30 dB. 

EPOCH 649 starts at 2024-02-29 20:46:12
LOSS train 0.00873501 valid 0.01875465
LOSS valid PSNR 17.27 dB. 

EPOCH 650 starts at 2024-02-29 20:46:16
LOSS train 0.00870919 valid 0.01861575
LOSS valid PSNR 17.30 dB. 

EPOCH 651 starts at 2024-02-29 20:46:19
LOSS train 0.00881308 valid 0.01864136
LOSS valid PSNR 17.30 dB. 

EPOCH 652 starts at 2024-02-29 20:46:23
LOSS train 0.00873447 valid 0.01861306
LOSS valid PSNR 17.30 dB. 

EPOCH 653 starts at 2024-02-29 20:46:27
LOSS train 0.00873424 valid 0.01864715
LOSS valid PSNR 17.29 dB. 

EPOCH 654 starts at 2024-02-29 20:46:30
LOSS train 0.00869013 valid 0.01858461
LOSS valid PSNR 17.31 dB. 

EPOCH 655 starts at 2024-02-29 20:46:34
LOSS train 0.00870513 valid 0.01863978
LOSS valid PSNR 17.30 dB. 

EPOCH 656 starts at 2024-02-29 20:46:38
LOSS train 0.00870525 valid 0.01898269
LOSS valid PSNR 17.22 dB. 

EPOCH 657 starts at 2024-02-29 20:46:42
LOSS train 0.00886093 valid 0.01896222
LOSS valid PSNR 17.22 dB. 

EPOCH 658 starts at 2024-02-29 20:46:45
LOSS train 0.00893486 valid 0.01903879
LOSS valid PSNR 17.20 dB. 

EPOCH 659 starts at 2024-02-29 20:46:49
LOSS train 0.00881448 valid 0.01903645
LOSS valid PSNR 17.20 dB. 

EPOCH 660 starts at 2024-02-29 20:46:52
LOSS train 0.00886811 valid 0.01860922
LOSS valid PSNR 17.30 dB. 

EPOCH 661 starts at 2024-02-29 20:46:56
LOSS train 0.00872649 valid 0.01861839
LOSS valid PSNR 17.30 dB. 

EPOCH 662 starts at 2024-02-29 20:46:59
LOSS train 0.00869562 valid 0.01862532
LOSS valid PSNR 17.30 dB. 

EPOCH 663 starts at 2024-02-29 20:47:03
LOSS train 0.00868995 valid 0.01860737
LOSS valid PSNR 17.30 dB. 

EPOCH 664 starts at 2024-02-29 20:47:07
LOSS train 0.00872721 valid 0.01884073
LOSS valid PSNR 17.25 dB. 

EPOCH 665 starts at 2024-02-29 20:47:10
LOSS train 0.00878965 valid 0.01868582
LOSS valid PSNR 17.28 dB. 

EPOCH 666 starts at 2024-02-29 20:47:14
LOSS train 0.00870715 valid 0.01858258
LOSS valid PSNR 17.31 dB. 

EPOCH 667 starts at 2024-02-29 20:47:18
LOSS train 0.00868573 valid 0.01861239
LOSS valid PSNR 17.30 dB. 

EPOCH 668 starts at 2024-02-29 20:47:21
LOSS train 0.00867729 valid 0.01854718
LOSS valid PSNR 17.32 dB. 

EPOCH 669 starts at 2024-02-29 20:47:25
LOSS train 0.00867273 valid 0.01853794
LOSS valid PSNR 17.32 dB. 

EPOCH 670 starts at 2024-02-29 20:47:29
LOSS train 0.00866649 valid 0.01852161
LOSS valid PSNR 17.32 dB. 

EPOCH 671 starts at 2024-02-29 20:47:32
LOSS train 0.00862480 valid 0.01851876
LOSS valid PSNR 17.32 dB. 

EPOCH 672 starts at 2024-02-29 20:47:36
LOSS train 0.00866580 valid 0.01856583
LOSS valid PSNR 17.31 dB. 

EPOCH 673 starts at 2024-02-29 20:47:39
LOSS train 0.00870509 valid 0.01880051
LOSS valid PSNR 17.26 dB. 

EPOCH 674 starts at 2024-02-29 20:47:43
LOSS train 0.00873612 valid 0.01857324
LOSS valid PSNR 17.31 dB. 

EPOCH 675 starts at 2024-02-29 20:47:46
LOSS train 0.00872302 valid 0.01854633
LOSS valid PSNR 17.32 dB. 

EPOCH 676 starts at 2024-02-29 20:47:50
LOSS train 0.00870813 valid 0.01860626
LOSS valid PSNR 17.30 dB. 

EPOCH 677 starts at 2024-02-29 20:47:53
LOSS train 0.00870031 valid 0.01855681
LOSS valid PSNR 17.31 dB. 

EPOCH 678 starts at 2024-02-29 20:47:57
LOSS train 0.00867943 valid 0.01857319
LOSS valid PSNR 17.31 dB. 

EPOCH 679 starts at 2024-02-29 20:48:01
LOSS train 0.00872931 valid 0.01862306
LOSS valid PSNR 17.30 dB. 

EPOCH 680 starts at 2024-02-29 20:48:04
LOSS train 0.00868305 valid 0.01853199
LOSS valid PSNR 17.32 dB. 

EPOCH 681 starts at 2024-02-29 20:48:08
LOSS train 0.00864363 valid 0.01868805
LOSS valid PSNR 17.28 dB. 

EPOCH 682 starts at 2024-02-29 20:48:11
LOSS train 0.00896886 valid 0.01883587
LOSS valid PSNR 17.25 dB. 

EPOCH 683 starts at 2024-02-29 20:48:15
LOSS train 0.00879406 valid 0.01856400
LOSS valid PSNR 17.31 dB. 

EPOCH 684 starts at 2024-02-29 20:48:19
LOSS train 0.00877196 valid 0.01866621
LOSS valid PSNR 17.29 dB. 

EPOCH 685 starts at 2024-02-29 20:48:22
LOSS train 0.00870681 valid 0.01860152
LOSS valid PSNR 17.30 dB. 

EPOCH 686 starts at 2024-02-29 20:48:26
LOSS train 0.00870446 valid 0.01856760
LOSS valid PSNR 17.31 dB. 

EPOCH 687 starts at 2024-02-29 20:48:30
LOSS train 0.00867693 valid 0.01854968
LOSS valid PSNR 17.32 dB. 

EPOCH 688 starts at 2024-02-29 20:48:33
LOSS train 0.00873020 valid 0.01864646
LOSS valid PSNR 17.29 dB. 

EPOCH 689 starts at 2024-02-29 20:48:37
LOSS train 0.00866517 valid 0.01871270
LOSS valid PSNR 17.28 dB. 

EPOCH 690 starts at 2024-02-29 20:48:41
LOSS train 0.00872919 valid 0.01865506
LOSS valid PSNR 17.29 dB. 

EPOCH 691 starts at 2024-02-29 20:48:44
LOSS train 0.00873439 valid 0.01860533
LOSS valid PSNR 17.30 dB. 

EPOCH 692 starts at 2024-02-29 20:48:48
LOSS train 0.00867708 valid 0.01865690
LOSS valid PSNR 17.29 dB. 

EPOCH 693 starts at 2024-02-29 20:48:52
LOSS train 0.00867968 valid 0.01858285
LOSS valid PSNR 17.31 dB. 

EPOCH 694 starts at 2024-02-29 20:48:55
LOSS train 0.00870904 valid 0.01861249
LOSS valid PSNR 17.30 dB. 

EPOCH 695 starts at 2024-02-29 20:48:59
LOSS train 0.00867569 valid 0.01856185
LOSS valid PSNR 17.31 dB. 

EPOCH 696 starts at 2024-02-29 20:49:03
LOSS train 0.00868358 valid 0.01852696
LOSS valid PSNR 17.32 dB. 

EPOCH 697 starts at 2024-02-29 20:49:06
LOSS train 0.00865117 valid 0.01862979
LOSS valid PSNR 17.30 dB. 

EPOCH 698 starts at 2024-02-29 20:49:10
LOSS train 0.00883032 valid 0.01876175
LOSS valid PSNR 17.27 dB. 

EPOCH 699 starts at 2024-02-29 20:49:14
LOSS train 0.00870070 valid 0.01850623
LOSS valid PSNR 17.33 dB. 

EPOCH 700 starts at 2024-02-29 20:49:17
LOSS train 0.00865633 valid 0.01849861
LOSS valid PSNR 17.33 dB. 

EPOCH 701 starts at 2024-02-29 20:49:21
LOSS train 0.00864870 valid 0.01849798
LOSS valid PSNR 17.33 dB. 

EPOCH 702 starts at 2024-02-29 20:49:25
LOSS train 0.00870213 valid 0.01857824
LOSS valid PSNR 17.31 dB. 

EPOCH 703 starts at 2024-02-29 20:49:28
LOSS train 0.00874846 valid 0.01865504
LOSS valid PSNR 17.29 dB. 

EPOCH 704 starts at 2024-02-29 20:49:32
LOSS train 0.00879351 valid 0.01852026
LOSS valid PSNR 17.32 dB. 

EPOCH 705 starts at 2024-02-29 20:49:35
LOSS train 0.00882509 valid 0.01869212
LOSS valid PSNR 17.28 dB. 

EPOCH 706 starts at 2024-02-29 20:49:39
LOSS train 0.00868251 valid 0.01855046
LOSS valid PSNR 17.32 dB. 

EPOCH 707 starts at 2024-02-29 20:49:42
LOSS train 0.00864841 valid 0.01852312
LOSS valid PSNR 17.32 dB. 

EPOCH 708 starts at 2024-02-29 20:49:46
LOSS train 0.00864471 valid 0.01847811
LOSS valid PSNR 17.33 dB. 

EPOCH 709 starts at 2024-02-29 20:49:50
LOSS train 0.00861405 valid 0.01845652
LOSS valid PSNR 17.34 dB. 

EPOCH 710 starts at 2024-02-29 20:49:53
LOSS train 0.00861275 valid 0.01846199
LOSS valid PSNR 17.34 dB. 

EPOCH 711 starts at 2024-02-29 20:49:57
LOSS train 0.00865435 valid 0.01869195
LOSS valid PSNR 17.28 dB. 

EPOCH 712 starts at 2024-02-29 20:50:01
LOSS train 0.00885712 valid 0.01852488
LOSS valid PSNR 17.32 dB. 

EPOCH 713 starts at 2024-02-29 20:50:04
LOSS train 0.00863883 valid 0.01856413
LOSS valid PSNR 17.31 dB. 

EPOCH 714 starts at 2024-02-29 20:50:08
LOSS train 0.00865140 valid 0.01846811
LOSS valid PSNR 17.34 dB. 

EPOCH 715 starts at 2024-02-29 20:50:12
LOSS train 0.00864208 valid 0.01857027
LOSS valid PSNR 17.31 dB. 

EPOCH 716 starts at 2024-02-29 20:50:15
LOSS train 0.00871120 valid 0.01870014
LOSS valid PSNR 17.28 dB. 

EPOCH 717 starts at 2024-02-29 20:50:19
LOSS train 0.00864541 valid 0.01843294
LOSS valid PSNR 17.34 dB. 

EPOCH 718 starts at 2024-02-29 20:50:22
LOSS train 0.00863381 valid 0.01852109
LOSS valid PSNR 17.32 dB. 

EPOCH 719 starts at 2024-02-29 20:50:26
LOSS train 0.00866812 valid 0.01867903
LOSS valid PSNR 17.29 dB. 

EPOCH 720 starts at 2024-02-29 20:50:30
LOSS train 0.00869474 valid 0.01842714
LOSS valid PSNR 17.35 dB. 

EPOCH 721 starts at 2024-02-29 20:50:33
LOSS train 0.00871830 valid 0.01921178
LOSS valid PSNR 17.16 dB. 

EPOCH 722 starts at 2024-02-29 20:50:37
LOSS train 0.00880014 valid 0.01881136
LOSS valid PSNR 17.26 dB. 

EPOCH 723 starts at 2024-02-29 20:50:41
LOSS train 0.00872161 valid 0.01851494
LOSS valid PSNR 17.32 dB. 

EPOCH 724 starts at 2024-02-29 20:50:44
LOSS train 0.00866157 valid 0.01846168
LOSS valid PSNR 17.34 dB. 

EPOCH 725 starts at 2024-02-29 20:50:48
LOSS train 0.00864869 valid 0.01857788
LOSS valid PSNR 17.31 dB. 

EPOCH 726 starts at 2024-02-29 20:50:52
LOSS train 0.00881772 valid 0.01848814
LOSS valid PSNR 17.33 dB. 

EPOCH 727 starts at 2024-02-29 20:50:55
LOSS train 0.00869262 valid 0.01840256
LOSS valid PSNR 17.35 dB. 

EPOCH 728 starts at 2024-02-29 20:50:59
LOSS train 0.00867825 valid 0.01848036
LOSS valid PSNR 17.33 dB. 

EPOCH 729 starts at 2024-02-29 20:51:02
LOSS train 0.00862711 valid 0.01839297
LOSS valid PSNR 17.35 dB. 

EPOCH 730 starts at 2024-02-29 20:51:06
LOSS train 0.00864281 valid 0.01854064
LOSS valid PSNR 17.32 dB. 

EPOCH 731 starts at 2024-02-29 20:51:10
LOSS train 0.00862982 valid 0.01894801
LOSS valid PSNR 17.22 dB. 

EPOCH 732 starts at 2024-02-29 20:51:13
LOSS train 0.00876191 valid 0.01873118
LOSS valid PSNR 17.27 dB. 

EPOCH 733 starts at 2024-02-29 20:51:17
LOSS train 0.00868179 valid 0.01842249
LOSS valid PSNR 17.35 dB. 

EPOCH 734 starts at 2024-02-29 20:51:20
LOSS train 0.00865212 valid 0.01845313
LOSS valid PSNR 17.34 dB. 

EPOCH 735 starts at 2024-02-29 20:51:24
LOSS train 0.00873836 valid 0.01843894
LOSS valid PSNR 17.34 dB. 

EPOCH 736 starts at 2024-02-29 20:51:28
LOSS train 0.00866214 valid 0.01857834
LOSS valid PSNR 17.31 dB. 

EPOCH 737 starts at 2024-02-29 20:51:31
LOSS train 0.00868233 valid 0.01846970
LOSS valid PSNR 17.34 dB. 

EPOCH 738 starts at 2024-02-29 20:51:35
LOSS train 0.00863343 valid 0.01839657
LOSS valid PSNR 17.35 dB. 

EPOCH 739 starts at 2024-02-29 20:51:39
LOSS train 0.00860637 valid 0.01849192
LOSS valid PSNR 17.33 dB. 

EPOCH 740 starts at 2024-02-29 20:51:42
LOSS train 0.00858909 valid 0.01836312
LOSS valid PSNR 17.36 dB. 

EPOCH 741 starts at 2024-02-29 20:51:46
LOSS train 0.00863179 valid 0.01858931
LOSS valid PSNR 17.31 dB. 

EPOCH 742 starts at 2024-02-29 20:51:49
LOSS train 0.00876916 valid 0.01842929
LOSS valid PSNR 17.34 dB. 

EPOCH 743 starts at 2024-02-29 20:51:53
LOSS train 0.00864354 valid 0.01855261
LOSS valid PSNR 17.32 dB. 

EPOCH 744 starts at 2024-02-29 20:51:57
LOSS train 0.00861096 valid 0.01844196
LOSS valid PSNR 17.34 dB. 

EPOCH 745 starts at 2024-02-29 20:52:00
LOSS train 0.00862179 valid 0.01855723
LOSS valid PSNR 17.31 dB. 

EPOCH 746 starts at 2024-02-29 20:52:04
LOSS train 0.00861911 valid 0.01839538
LOSS valid PSNR 17.35 dB. 

EPOCH 747 starts at 2024-02-29 20:52:07
LOSS train 0.00858340 valid 0.01835328
LOSS valid PSNR 17.36 dB. 

EPOCH 748 starts at 2024-02-29 20:52:11
LOSS train 0.00858167 valid 0.01835084
LOSS valid PSNR 17.36 dB. 

EPOCH 749 starts at 2024-02-29 20:52:15
LOSS train 0.00884250 valid 0.01907937
LOSS valid PSNR 17.19 dB. 

EPOCH 750 starts at 2024-02-29 20:52:18
LOSS train 0.00878779 valid 0.01882585
LOSS valid PSNR 17.25 dB. 

EPOCH 751 starts at 2024-02-29 20:52:22
LOSS train 0.00875343 valid 0.01859640
LOSS valid PSNR 17.31 dB. 

EPOCH 752 starts at 2024-02-29 20:52:25
LOSS train 0.00870901 valid 0.01859057
LOSS valid PSNR 17.31 dB. 

EPOCH 753 starts at 2024-02-29 20:52:29
LOSS train 0.00868004 valid 0.01866556
LOSS valid PSNR 17.29 dB. 

EPOCH 754 starts at 2024-02-29 20:52:33
LOSS train 0.00867145 valid 0.01865185
LOSS valid PSNR 17.29 dB. 

EPOCH 755 starts at 2024-02-29 20:52:36
LOSS train 0.00863119 valid 0.01854743
LOSS valid PSNR 17.32 dB. 

EPOCH 756 starts at 2024-02-29 20:52:39
LOSS train 0.00860656 valid 0.01844230
LOSS valid PSNR 17.34 dB. 

EPOCH 757 starts at 2024-02-29 20:52:43
LOSS train 0.00861099 valid 0.01834346
LOSS valid PSNR 17.37 dB. 

EPOCH 758 starts at 2024-02-29 20:52:47
LOSS train 0.00869059 valid 0.01853055
LOSS valid PSNR 17.32 dB. 

EPOCH 759 starts at 2024-02-29 20:52:50
LOSS train 0.00876740 valid 0.01873963
LOSS valid PSNR 17.27 dB. 

EPOCH 760 starts at 2024-02-29 20:52:54
LOSS train 0.00887005 valid 0.01883449
LOSS valid PSNR 17.25 dB. 

EPOCH 761 starts at 2024-02-29 20:52:58
LOSS train 0.00874785 valid 0.01846715
LOSS valid PSNR 17.34 dB. 

EPOCH 762 starts at 2024-02-29 20:53:01
LOSS train 0.00860970 valid 0.01842328
LOSS valid PSNR 17.35 dB. 

EPOCH 763 starts at 2024-02-29 20:53:05
LOSS train 0.00861983 valid 0.01837946
LOSS valid PSNR 17.36 dB. 

EPOCH 764 starts at 2024-02-29 20:53:08
LOSS train 0.00859354 valid 0.01832143
LOSS valid PSNR 17.37 dB. 

EPOCH 765 starts at 2024-02-29 20:53:12
LOSS train 0.00858278 valid 0.01830311
LOSS valid PSNR 17.37 dB. 

EPOCH 766 starts at 2024-02-29 20:53:15
LOSS train 0.00857972 valid 0.01841978
LOSS valid PSNR 17.35 dB. 

EPOCH 767 starts at 2024-02-29 20:53:19
LOSS train 0.00856217 valid 0.01834296
LOSS valid PSNR 17.37 dB. 

EPOCH 768 starts at 2024-02-29 20:53:22
LOSS train 0.00866964 valid 0.01873576
LOSS valid PSNR 17.27 dB. 

EPOCH 769 starts at 2024-02-29 20:53:26
LOSS train 0.00862361 valid 0.01847804
LOSS valid PSNR 17.33 dB. 

EPOCH 770 starts at 2024-02-29 20:53:30
LOSS train 0.00867209 valid 0.01829858
LOSS valid PSNR 17.38 dB. 

EPOCH 771 starts at 2024-02-29 20:53:33
LOSS train 0.00868478 valid 0.01845197
LOSS valid PSNR 17.34 dB. 

EPOCH 772 starts at 2024-02-29 20:53:37
LOSS train 0.00868771 valid 0.01861480
LOSS valid PSNR 17.30 dB. 

EPOCH 773 starts at 2024-02-29 20:53:41
LOSS train 0.00863867 valid 0.01878785
LOSS valid PSNR 17.26 dB. 

EPOCH 774 starts at 2024-02-29 20:53:44
LOSS train 0.00867156 valid 0.01850436
LOSS valid PSNR 17.33 dB. 

EPOCH 775 starts at 2024-02-29 20:53:48
LOSS train 0.00862008 valid 0.01844705
LOSS valid PSNR 17.34 dB. 

EPOCH 776 starts at 2024-02-29 20:53:51
LOSS train 0.00865634 valid 0.01852729
LOSS valid PSNR 17.32 dB. 

EPOCH 777 starts at 2024-02-29 20:53:55
LOSS train 0.00867514 valid 0.01855732
LOSS valid PSNR 17.31 dB. 

EPOCH 778 starts at 2024-02-29 20:53:59
LOSS train 0.00868166 valid 0.01833751
LOSS valid PSNR 17.37 dB. 

EPOCH 779 starts at 2024-02-29 20:54:02
LOSS train 0.00869210 valid 0.01839825
LOSS valid PSNR 17.35 dB. 

EPOCH 780 starts at 2024-02-29 20:54:06
LOSS train 0.00868534 valid 0.01842873
LOSS valid PSNR 17.35 dB. 

EPOCH 781 starts at 2024-02-29 20:54:09
LOSS train 0.00862605 valid 0.01868303
LOSS valid PSNR 17.29 dB. 

EPOCH 782 starts at 2024-02-29 20:54:13
LOSS train 0.00862993 valid 0.01838424
LOSS valid PSNR 17.36 dB. 

EPOCH 783 starts at 2024-02-29 20:54:17
LOSS train 0.00856836 valid 0.01836202
LOSS valid PSNR 17.36 dB. 

EPOCH 784 starts at 2024-02-29 20:54:20
LOSS train 0.00856730 valid 0.01829359
LOSS valid PSNR 17.38 dB. 

EPOCH 785 starts at 2024-02-29 20:54:24
LOSS train 0.00853440 valid 0.01825899
LOSS valid PSNR 17.39 dB. 

EPOCH 786 starts at 2024-02-29 20:54:27
LOSS train 0.00852335 valid 0.01825885
LOSS valid PSNR 17.39 dB. 

EPOCH 787 starts at 2024-02-29 20:54:31
LOSS train 0.00855194 valid 0.01856358
LOSS valid PSNR 17.31 dB. 

EPOCH 788 starts at 2024-02-29 20:54:35
LOSS train 0.00866973 valid 0.01831800
LOSS valid PSNR 17.37 dB. 

EPOCH 789 starts at 2024-02-29 20:54:38
LOSS train 0.00851334 valid 0.01826533
LOSS valid PSNR 17.38 dB. 

EPOCH 790 starts at 2024-02-29 20:54:42
LOSS train 0.00869885 valid 0.01858610
LOSS valid PSNR 17.31 dB. 

EPOCH 791 starts at 2024-02-29 20:54:46
LOSS train 0.00860747 valid 0.01847590
LOSS valid PSNR 17.33 dB. 

EPOCH 792 starts at 2024-02-29 20:54:50
LOSS train 0.00858828 valid 0.01850101
LOSS valid PSNR 17.33 dB. 

EPOCH 793 starts at 2024-02-29 20:54:53
LOSS train 0.00858539 valid 0.01837737
LOSS valid PSNR 17.36 dB. 

EPOCH 794 starts at 2024-02-29 20:54:57
LOSS train 0.00859665 valid 0.01834989
LOSS valid PSNR 17.36 dB. 

EPOCH 795 starts at 2024-02-29 20:55:01
LOSS train 0.00857107 valid 0.01826375
LOSS valid PSNR 17.38 dB. 

EPOCH 796 starts at 2024-02-29 20:55:04
LOSS train 0.00852877 valid 0.01835843
LOSS valid PSNR 17.36 dB. 

EPOCH 797 starts at 2024-02-29 20:55:08
LOSS train 0.00852541 valid 0.01828098
LOSS valid PSNR 17.38 dB. 

EPOCH 798 starts at 2024-02-29 20:55:11
LOSS train 0.00873756 valid 0.01873126
LOSS valid PSNR 17.27 dB. 

EPOCH 799 starts at 2024-02-29 20:55:15
LOSS train 0.00863710 valid 0.01856550
LOSS valid PSNR 17.31 dB. 

EPOCH 800 starts at 2024-02-29 20:55:19
LOSS train 0.00857721 valid 0.01846392
LOSS valid PSNR 17.34 dB. 

EPOCH 801 starts at 2024-02-29 20:55:22
LOSS train 0.00857531 valid 0.01837666
LOSS valid PSNR 17.36 dB. 

EPOCH 802 starts at 2024-02-29 20:55:26
LOSS train 0.00852986 valid 0.01920035
LOSS valid PSNR 17.17 dB. 

EPOCH 803 starts at 2024-02-29 20:55:30
LOSS train 0.00896514 valid 0.01991793
LOSS valid PSNR 17.01 dB. 

EPOCH 804 starts at 2024-02-29 20:55:34
LOSS train 0.00885244 valid 0.01858257
LOSS valid PSNR 17.31 dB. 

EPOCH 805 starts at 2024-02-29 20:55:37
LOSS train 0.00867820 valid 0.01843053
LOSS valid PSNR 17.34 dB. 

EPOCH 806 starts at 2024-02-29 20:55:41
LOSS train 0.00859547 valid 0.01835392
LOSS valid PSNR 17.36 dB. 

EPOCH 807 starts at 2024-02-29 20:55:45
LOSS train 0.00856919 valid 0.01829901
LOSS valid PSNR 17.38 dB. 

EPOCH 808 starts at 2024-02-29 20:55:48
LOSS train 0.00854100 valid 0.01828891
LOSS valid PSNR 17.38 dB. 

EPOCH 809 starts at 2024-02-29 20:55:52
LOSS train 0.00857292 valid 0.01827103
LOSS valid PSNR 17.38 dB. 

EPOCH 810 starts at 2024-02-29 20:55:55
LOSS train 0.00856129 valid 0.01820984
LOSS valid PSNR 17.40 dB. 

EPOCH 811 starts at 2024-02-29 20:55:59
LOSS train 0.00856360 valid 0.01822722
LOSS valid PSNR 17.39 dB. 

EPOCH 812 starts at 2024-02-29 20:56:03
LOSS train 0.00850031 valid 0.01849177
LOSS valid PSNR 17.33 dB. 

EPOCH 813 starts at 2024-02-29 20:56:07
LOSS train 0.00874455 valid 0.01878289
LOSS valid PSNR 17.26 dB. 

EPOCH 814 starts at 2024-02-29 20:56:10
LOSS train 0.00869450 valid 0.01848806
LOSS valid PSNR 17.33 dB. 

EPOCH 815 starts at 2024-02-29 20:56:14
LOSS train 0.00858730 valid 0.01828558
LOSS valid PSNR 17.38 dB. 

EPOCH 816 starts at 2024-02-29 20:56:17
LOSS train 0.00859082 valid 0.01827881
LOSS valid PSNR 17.38 dB. 

EPOCH 817 starts at 2024-02-29 20:56:21
LOSS train 0.00856842 valid 0.01835028
LOSS valid PSNR 17.36 dB. 

EPOCH 818 starts at 2024-02-29 20:56:24
LOSS train 0.00862325 valid 0.01928787
LOSS valid PSNR 17.15 dB. 

EPOCH 819 starts at 2024-02-29 20:56:28
LOSS train 0.00887903 valid 0.01872645
LOSS valid PSNR 17.28 dB. 

EPOCH 820 starts at 2024-02-29 20:56:32
LOSS train 0.00867970 valid 0.01830778
LOSS valid PSNR 17.37 dB. 

EPOCH 821 starts at 2024-02-29 20:56:35
LOSS train 0.00859519 valid 0.01830596
LOSS valid PSNR 17.37 dB. 

EPOCH 822 starts at 2024-02-29 20:56:39
LOSS train 0.00855928 valid 0.01827384
LOSS valid PSNR 17.38 dB. 

EPOCH 823 starts at 2024-02-29 20:56:43
LOSS train 0.00851808 valid 0.01824936
LOSS valid PSNR 17.39 dB. 

EPOCH 824 starts at 2024-02-29 20:56:46
LOSS train 0.00847969 valid 0.01819281
LOSS valid PSNR 17.40 dB. 

EPOCH 825 starts at 2024-02-29 20:56:50
LOSS train 0.00852495 valid 0.01824160
LOSS valid PSNR 17.39 dB. 

EPOCH 826 starts at 2024-02-29 20:56:54
LOSS train 0.00857640 valid 0.01844540
LOSS valid PSNR 17.34 dB. 

EPOCH 827 starts at 2024-02-29 20:56:57
LOSS train 0.00855750 valid 0.01850894
LOSS valid PSNR 17.33 dB. 

EPOCH 828 starts at 2024-02-29 20:57:01
LOSS train 0.00860069 valid 0.01844202
LOSS valid PSNR 17.34 dB. 

EPOCH 829 starts at 2024-02-29 20:57:05
LOSS train 0.00859306 valid 0.01850034
LOSS valid PSNR 17.33 dB. 

EPOCH 830 starts at 2024-02-29 20:57:09
LOSS train 0.00860770 valid 0.01839688
LOSS valid PSNR 17.35 dB. 

