nohup: ignoring input
Files already downloaded and verified
Files already downloaded and verified
EPOCH 001 starts at 2024-02-29 20:07:20
LOSS train 0.08828100 valid 0.19025537
LOSS valid PSNR 7.21 dB. 

EPOCH 002 starts at 2024-02-29 20:07:29
LOSS train 0.08874764 valid 0.18700579
LOSS valid PSNR 7.28 dB. 

EPOCH 003 starts at 2024-02-29 20:07:37
LOSS train 0.08714653 valid 0.16953856
LOSS valid PSNR 7.71 dB. 

EPOCH 004 starts at 2024-02-29 20:07:45
LOSS train 0.07820713 valid 0.15057354
LOSS valid PSNR 8.22 dB. 

EPOCH 005 starts at 2024-02-29 20:07:54
LOSS train 0.07202274 valid 0.15121427
LOSS valid PSNR 8.20 dB. 

EPOCH 006 starts at 2024-02-29 20:08:02
LOSS train 0.06553649 valid 0.13365479
LOSS valid PSNR 8.74 dB. 

EPOCH 007 starts at 2024-02-29 20:08:10
LOSS train 0.06019584 valid 0.12200091
LOSS valid PSNR 9.14 dB. 

EPOCH 008 starts at 2024-02-29 20:08:18
LOSS train 0.05530802 valid 0.11334944
LOSS valid PSNR 9.46 dB. 

EPOCH 009 starts at 2024-02-29 20:08:26
LOSS train 0.05233682 valid 0.10979579
LOSS valid PSNR 9.59 dB. 

EPOCH 010 starts at 2024-02-29 20:08:35
LOSS train 0.04899056 valid 0.10039863
LOSS valid PSNR 9.98 dB. 

EPOCH 011 starts at 2024-02-29 20:08:43
LOSS train 0.04520849 valid 0.09139175
LOSS valid PSNR 10.39 dB. 

EPOCH 012 starts at 2024-02-29 20:08:51
LOSS train 0.04170450 valid 0.08459348
LOSS valid PSNR 10.73 dB. 

EPOCH 013 starts at 2024-02-29 20:09:00
LOSS train 0.03845884 valid 0.07842676
LOSS valid PSNR 11.06 dB. 

EPOCH 014 starts at 2024-02-29 20:09:08
LOSS train 0.03668269 valid 0.07489710
LOSS valid PSNR 11.26 dB. 

EPOCH 015 starts at 2024-02-29 20:09:16
LOSS train 0.03480628 valid 0.07210283
LOSS valid PSNR 11.42 dB. 

EPOCH 016 starts at 2024-02-29 20:09:24
LOSS train 0.03305858 valid 0.07015542
LOSS valid PSNR 11.54 dB. 

EPOCH 017 starts at 2024-02-29 20:09:32
LOSS train 0.03164398 valid 0.06637601
LOSS valid PSNR 11.78 dB. 

EPOCH 018 starts at 2024-02-29 20:09:40
LOSS train 0.03043353 valid 0.06241672
LOSS valid PSNR 12.05 dB. 

EPOCH 019 starts at 2024-02-29 20:09:49
LOSS train 0.02922692 valid 0.06020788
LOSS valid PSNR 12.20 dB. 

EPOCH 020 starts at 2024-02-29 20:09:57
LOSS train 0.02913245 valid 0.06186668
LOSS valid PSNR 12.09 dB. 

EPOCH 021 starts at 2024-02-29 20:10:05
LOSS train 0.02760085 valid 0.05775520
LOSS valid PSNR 12.38 dB. 

EPOCH 022 starts at 2024-02-29 20:10:13
LOSS train 0.02626308 valid 0.05465560
LOSS valid PSNR 12.62 dB. 

EPOCH 023 starts at 2024-02-29 20:10:21
LOSS train 0.02504491 valid 0.05209195
LOSS valid PSNR 12.83 dB. 

EPOCH 024 starts at 2024-02-29 20:10:29
LOSS train 0.02393952 valid 0.04983429
LOSS valid PSNR 13.02 dB. 

EPOCH 025 starts at 2024-02-29 20:10:37
LOSS train 0.02411420 valid 0.05385419
LOSS valid PSNR 12.69 dB. 

EPOCH 026 starts at 2024-02-29 20:10:45
LOSS train 0.02392051 valid 0.04953972
LOSS valid PSNR 13.05 dB. 

EPOCH 027 starts at 2024-02-29 20:10:53
LOSS train 0.02274946 valid 0.04687212
LOSS valid PSNR 13.29 dB. 

EPOCH 028 starts at 2024-02-29 20:11:01
LOSS train 0.02174215 valid 0.04534192
LOSS valid PSNR 13.44 dB. 

EPOCH 029 starts at 2024-02-29 20:11:09
LOSS train 0.02099515 valid 0.04421499
LOSS valid PSNR 13.54 dB. 

EPOCH 030 starts at 2024-02-29 20:11:18
LOSS train 0.02050579 valid 0.04319937
LOSS valid PSNR 13.65 dB. 

EPOCH 031 starts at 2024-02-29 20:11:26
LOSS train 0.02047408 valid 0.04278932
LOSS valid PSNR 13.69 dB. 

EPOCH 032 starts at 2024-02-29 20:11:34
LOSS train 0.01975448 valid 0.04111218
LOSS valid PSNR 13.86 dB. 

EPOCH 033 starts at 2024-02-29 20:11:42
LOSS train 0.01913486 valid 0.03984970
LOSS valid PSNR 14.00 dB. 

EPOCH 034 starts at 2024-02-29 20:11:50
LOSS train 0.01874524 valid 0.03951864
LOSS valid PSNR 14.03 dB. 

EPOCH 035 starts at 2024-02-29 20:11:58
LOSS train 0.01826028 valid 0.03997035
LOSS valid PSNR 13.98 dB. 

EPOCH 036 starts at 2024-02-29 20:12:06
LOSS train 0.01852467 valid 0.04013299
LOSS valid PSNR 13.96 dB. 

EPOCH 037 starts at 2024-02-29 20:12:15
LOSS train 0.01812221 valid 0.03815411
LOSS valid PSNR 14.18 dB. 

EPOCH 038 starts at 2024-02-29 20:12:23
LOSS train 0.01751249 valid 0.03731588
LOSS valid PSNR 14.28 dB. 

EPOCH 039 starts at 2024-02-29 20:12:31
LOSS train 0.01724451 valid 0.03649622
LOSS valid PSNR 14.38 dB. 

EPOCH 040 starts at 2024-02-29 20:12:39
LOSS train 0.01736733 valid 0.03637311
LOSS valid PSNR 14.39 dB. 

EPOCH 041 starts at 2024-02-29 20:12:47
LOSS train 0.01702986 valid 0.03599628
LOSS valid PSNR 14.44 dB. 

EPOCH 042 starts at 2024-02-29 20:12:55
LOSS train 0.01671690 valid 0.03519598
LOSS valid PSNR 14.54 dB. 

EPOCH 043 starts at 2024-02-29 20:13:03
LOSS train 0.01642045 valid 0.03448159
LOSS valid PSNR 14.62 dB. 

EPOCH 044 starts at 2024-02-29 20:13:11
LOSS train 0.01604343 valid 0.03400572
LOSS valid PSNR 14.68 dB. 

EPOCH 045 starts at 2024-02-29 20:13:19
LOSS train 0.01591159 valid 0.03458158
LOSS valid PSNR 14.61 dB. 

EPOCH 046 starts at 2024-02-29 20:13:27
LOSS train 0.01584070 valid 0.03330145
LOSS valid PSNR 14.78 dB. 

EPOCH 047 starts at 2024-02-29 20:13:36
LOSS train 0.01603939 valid 0.03348469
LOSS valid PSNR 14.75 dB. 

EPOCH 048 starts at 2024-02-29 20:13:44
LOSS train 0.01575311 valid 0.03279539
LOSS valid PSNR 14.84 dB. 

EPOCH 049 starts at 2024-02-29 20:13:52
LOSS train 0.01546889 valid 0.03367000
LOSS valid PSNR 14.73 dB. 

EPOCH 050 starts at 2024-02-29 20:14:00
LOSS train 0.01545190 valid 0.03218727
LOSS valid PSNR 14.92 dB. 

EPOCH 051 starts at 2024-02-29 20:14:08
LOSS train 0.01505423 valid 0.03193543
LOSS valid PSNR 14.96 dB. 

EPOCH 052 starts at 2024-02-29 20:14:16
LOSS train 0.01489562 valid 0.03179761
LOSS valid PSNR 14.98 dB. 

EPOCH 053 starts at 2024-02-29 20:14:24
LOSS train 0.01495645 valid 0.03134607
LOSS valid PSNR 15.04 dB. 

EPOCH 054 starts at 2024-02-29 20:14:32
LOSS train 0.01473828 valid 0.03142781
LOSS valid PSNR 15.03 dB. 

EPOCH 055 starts at 2024-02-29 20:14:40
LOSS train 0.01454666 valid 0.03177478
LOSS valid PSNR 14.98 dB. 

EPOCH 056 starts at 2024-02-29 20:14:48
LOSS train 0.01476193 valid 0.03153546
LOSS valid PSNR 15.01 dB. 

EPOCH 057 starts at 2024-02-29 20:14:57
LOSS train 0.01449716 valid 0.03091423
LOSS valid PSNR 15.10 dB. 

EPOCH 058 starts at 2024-02-29 20:15:05
LOSS train 0.01424417 valid 0.02981774
LOSS valid PSNR 15.26 dB. 

EPOCH 059 starts at 2024-02-29 20:15:13
LOSS train 0.01412571 valid 0.02988854
LOSS valid PSNR 15.24 dB. 

EPOCH 060 starts at 2024-02-29 20:15:21
LOSS train 0.01399637 valid 0.02938290
LOSS valid PSNR 15.32 dB. 

EPOCH 061 starts at 2024-02-29 20:15:29
LOSS train 0.01377055 valid 0.02920373
LOSS valid PSNR 15.35 dB. 

EPOCH 062 starts at 2024-02-29 20:15:37
LOSS train 0.01372950 valid 0.02944663
LOSS valid PSNR 15.31 dB. 

EPOCH 063 starts at 2024-02-29 20:15:45
LOSS train 0.01356266 valid 0.02857034
LOSS valid PSNR 15.44 dB. 

EPOCH 064 starts at 2024-02-29 20:15:53
LOSS train 0.01359593 valid 0.03020450
LOSS valid PSNR 15.20 dB. 

EPOCH 065 starts at 2024-02-29 20:16:01
LOSS train 0.01367772 valid 0.02848241
LOSS valid PSNR 15.45 dB. 

EPOCH 066 starts at 2024-02-29 20:16:09
LOSS train 0.01312776 valid 0.02782943
LOSS valid PSNR 15.55 dB. 

EPOCH 067 starts at 2024-02-29 20:16:17
LOSS train 0.01305968 valid 0.02840619
LOSS valid PSNR 15.47 dB. 

EPOCH 068 starts at 2024-02-29 20:16:25
LOSS train 0.01307685 valid 0.02737111
LOSS valid PSNR 15.63 dB. 

EPOCH 069 starts at 2024-02-29 20:16:34
LOSS train 0.01313604 valid 0.02740175
LOSS valid PSNR 15.62 dB. 

EPOCH 070 starts at 2024-02-29 20:16:42
LOSS train 0.01301529 valid 0.02732857
LOSS valid PSNR 15.63 dB. 

EPOCH 071 starts at 2024-02-29 20:16:50
LOSS train 0.01269681 valid 0.02744305
LOSS valid PSNR 15.62 dB. 

EPOCH 072 starts at 2024-02-29 20:16:58
LOSS train 0.01280020 valid 0.02728740
LOSS valid PSNR 15.64 dB. 

EPOCH 073 starts at 2024-02-29 20:17:06
LOSS train 0.01252948 valid 0.02645312
LOSS valid PSNR 15.78 dB. 

EPOCH 074 starts at 2024-02-29 20:17:14
LOSS train 0.01245861 valid 0.02665557
LOSS valid PSNR 15.74 dB. 

EPOCH 075 starts at 2024-02-29 20:17:22
LOSS train 0.01232418 valid 0.02667365
LOSS valid PSNR 15.74 dB. 

EPOCH 076 starts at 2024-02-29 20:17:30
LOSS train 0.01227599 valid 0.02701044
LOSS valid PSNR 15.68 dB. 

EPOCH 077 starts at 2024-02-29 20:17:39
LOSS train 0.01235303 valid 0.02603133
LOSS valid PSNR 15.85 dB. 

EPOCH 078 starts at 2024-02-29 20:17:47
LOSS train 0.01207224 valid 0.02614479
LOSS valid PSNR 15.83 dB. 

EPOCH 079 starts at 2024-02-29 20:17:55
LOSS train 0.01201342 valid 0.02533194
LOSS valid PSNR 15.96 dB. 

EPOCH 080 starts at 2024-02-29 20:18:03
LOSS train 0.01213543 valid 0.02601545
LOSS valid PSNR 15.85 dB. 

EPOCH 081 starts at 2024-02-29 20:18:11
LOSS train 0.01193841 valid 0.02615910
LOSS valid PSNR 15.82 dB. 

EPOCH 082 starts at 2024-02-29 20:18:19
LOSS train 0.01197723 valid 0.02604037
LOSS valid PSNR 15.84 dB. 

EPOCH 083 starts at 2024-02-29 20:18:27
LOSS train 0.01211034 valid 0.02550081
LOSS valid PSNR 15.93 dB. 

EPOCH 084 starts at 2024-02-29 20:18:35
LOSS train 0.01172911 valid 0.02468856
LOSS valid PSNR 16.08 dB. 

EPOCH 085 starts at 2024-02-29 20:18:43
LOSS train 0.01161353 valid 0.02460839
LOSS valid PSNR 16.09 dB. 

EPOCH 086 starts at 2024-02-29 20:18:51
LOSS train 0.01142962 valid 0.02437567
LOSS valid PSNR 16.13 dB. 

EPOCH 087 starts at 2024-02-29 20:18:59
LOSS train 0.01198820 valid 0.02716944
LOSS valid PSNR 15.66 dB. 

EPOCH 088 starts at 2024-02-29 20:19:07
LOSS train 0.01210746 valid 0.02605813
LOSS valid PSNR 15.84 dB. 

EPOCH 089 starts at 2024-02-29 20:19:15
LOSS train 0.01162966 valid 0.02441282
LOSS valid PSNR 16.12 dB. 

EPOCH 090 starts at 2024-02-29 20:19:23
LOSS train 0.01132338 valid 0.02401811
LOSS valid PSNR 16.19 dB. 

EPOCH 091 starts at 2024-02-29 20:19:31
LOSS train 0.01117875 valid 0.02370979
LOSS valid PSNR 16.25 dB. 

EPOCH 092 starts at 2024-02-29 20:19:39
LOSS train 0.01105915 valid 0.02351331
LOSS valid PSNR 16.29 dB. 

EPOCH 093 starts at 2024-02-29 20:19:47
LOSS train 0.01097295 valid 0.02369491
LOSS valid PSNR 16.25 dB. 

EPOCH 094 starts at 2024-02-29 20:19:55
LOSS train 0.01118316 valid 0.02344729
LOSS valid PSNR 16.30 dB. 

EPOCH 095 starts at 2024-02-29 20:20:03
LOSS train 0.01095113 valid 0.02348498
LOSS valid PSNR 16.29 dB. 

EPOCH 096 starts at 2024-02-29 20:20:11
LOSS train 0.01129499 valid 0.02354539
LOSS valid PSNR 16.28 dB. 

EPOCH 097 starts at 2024-02-29 20:20:19
LOSS train 0.01125507 valid 0.02534830
LOSS valid PSNR 15.96 dB. 

EPOCH 098 starts at 2024-02-29 20:20:27
LOSS train 0.01124945 valid 0.02323518
LOSS valid PSNR 16.34 dB. 

EPOCH 099 starts at 2024-02-29 20:20:35
LOSS train 0.01079843 valid 0.02303711
LOSS valid PSNR 16.38 dB. 

EPOCH 100 starts at 2024-02-29 20:20:43
LOSS train 0.01066223 valid 0.02265518
LOSS valid PSNR 16.45 dB. 

EPOCH 101 starts at 2024-02-29 20:20:51
LOSS train 0.01046287 valid 0.02234798
LOSS valid PSNR 16.51 dB. 

EPOCH 102 starts at 2024-02-29 20:20:59
LOSS train 0.01069566 valid 0.02362294
LOSS valid PSNR 16.27 dB. 

EPOCH 103 starts at 2024-02-29 20:21:07
LOSS train 0.01132611 valid 0.03455242
LOSS valid PSNR 14.62 dB. 

EPOCH 104 starts at 2024-02-29 20:21:16
LOSS train 0.01861424 valid 0.04224899
LOSS valid PSNR 13.74 dB. 

EPOCH 105 starts at 2024-02-29 20:21:24
LOSS train 0.01662969 valid 0.03157202
LOSS valid PSNR 15.01 dB. 

EPOCH 106 starts at 2024-02-29 20:21:32
LOSS train 0.01361805 valid 0.02721812
LOSS valid PSNR 15.65 dB. 

EPOCH 107 starts at 2024-02-29 20:21:40
LOSS train 0.01221687 valid 0.02465704
LOSS valid PSNR 16.08 dB. 

EPOCH 108 starts at 2024-02-29 20:21:48
LOSS train 0.01147965 valid 0.02400337
LOSS valid PSNR 16.20 dB. 

EPOCH 109 starts at 2024-02-29 20:21:56
LOSS train 0.01104740 valid 0.02342235
LOSS valid PSNR 16.30 dB. 

EPOCH 110 starts at 2024-02-29 20:22:04
LOSS train 0.01084901 valid 0.02292009
LOSS valid PSNR 16.40 dB. 

EPOCH 111 starts at 2024-02-29 20:22:12
LOSS train 0.01063537 valid 0.02255945
LOSS valid PSNR 16.47 dB. 

EPOCH 112 starts at 2024-02-29 20:22:20
LOSS train 0.01052016 valid 0.02231822
LOSS valid PSNR 16.51 dB. 

EPOCH 113 starts at 2024-02-29 20:22:28
LOSS train 0.01041384 valid 0.02208797
LOSS valid PSNR 16.56 dB. 

EPOCH 114 starts at 2024-02-29 20:22:36
LOSS train 0.01033011 valid 0.02192137
LOSS valid PSNR 16.59 dB. 

EPOCH 115 starts at 2024-02-29 20:22:44
LOSS train 0.01024178 valid 0.02170583
LOSS valid PSNR 16.63 dB. 

EPOCH 116 starts at 2024-02-29 20:22:52
LOSS train 0.01014241 valid 0.02158893
LOSS valid PSNR 16.66 dB. 

EPOCH 117 starts at 2024-02-29 20:23:00
LOSS train 0.01005931 valid 0.02138791
LOSS valid PSNR 16.70 dB. 

EPOCH 118 starts at 2024-02-29 20:23:08
LOSS train 0.00998682 valid 0.02127525
LOSS valid PSNR 16.72 dB. 

EPOCH 119 starts at 2024-02-29 20:23:16
LOSS train 0.01020684 valid 0.02380283
LOSS valid PSNR 16.23 dB. 

EPOCH 120 starts at 2024-02-29 20:23:24
LOSS train 0.01047498 valid 0.02201144
LOSS valid PSNR 16.57 dB. 

EPOCH 121 starts at 2024-02-29 20:23:32
LOSS train 0.01007237 valid 0.02133228
LOSS valid PSNR 16.71 dB. 

EPOCH 122 starts at 2024-02-29 20:23:40
LOSS train 0.00983794 valid 0.02098812
LOSS valid PSNR 16.78 dB. 

EPOCH 123 starts at 2024-02-29 20:23:48
LOSS train 0.00967472 valid 0.02061369
LOSS valid PSNR 16.86 dB. 

EPOCH 124 starts at 2024-02-29 20:23:56
LOSS train 0.00960186 valid 0.02051958
LOSS valid PSNR 16.88 dB. 

EPOCH 125 starts at 2024-02-29 20:24:04
LOSS train 0.00945216 valid 0.02015973
LOSS valid PSNR 16.96 dB. 

EPOCH 126 starts at 2024-02-29 20:24:12
LOSS train 0.01019362 valid 0.02349902
LOSS valid PSNR 16.29 dB. 

EPOCH 127 starts at 2024-02-29 20:24:20
LOSS train 0.01112063 valid 0.02419271
LOSS valid PSNR 16.16 dB. 

EPOCH 128 starts at 2024-02-29 20:24:28
LOSS train 0.01045975 valid 0.02203307
LOSS valid PSNR 16.57 dB. 

EPOCH 129 starts at 2024-02-29 20:24:36
LOSS train 0.00996756 valid 0.02074611
LOSS valid PSNR 16.83 dB. 

EPOCH 130 starts at 2024-02-29 20:24:44
LOSS train 0.00958695 valid 0.02017794
LOSS valid PSNR 16.95 dB. 

EPOCH 131 starts at 2024-02-29 20:24:52
LOSS train 0.00936151 valid 0.01984766
LOSS valid PSNR 17.02 dB. 

EPOCH 132 starts at 2024-02-29 20:25:00
LOSS train 0.00920288 valid 0.01955944
LOSS valid PSNR 17.09 dB. 

EPOCH 133 starts at 2024-02-29 20:25:08
LOSS train 0.00914401 valid 0.01948276
LOSS valid PSNR 17.10 dB. 

EPOCH 134 starts at 2024-02-29 20:25:16
LOSS train 0.00908122 valid 0.01924001
LOSS valid PSNR 17.16 dB. 

EPOCH 135 starts at 2024-02-29 20:25:24
LOSS train 0.00899802 valid 0.01928245
LOSS valid PSNR 17.15 dB. 

EPOCH 136 starts at 2024-02-29 20:25:32
LOSS train 0.00903627 valid 0.01990853
LOSS valid PSNR 17.01 dB. 

EPOCH 137 starts at 2024-02-29 20:25:40
LOSS train 0.00924075 valid 0.01945047
LOSS valid PSNR 17.11 dB. 

EPOCH 138 starts at 2024-02-29 20:25:48
LOSS train 0.00919350 valid 0.01945801
LOSS valid PSNR 17.11 dB. 

EPOCH 139 starts at 2024-02-29 20:25:55
LOSS train 0.00896712 valid 0.01902938
LOSS valid PSNR 17.21 dB. 

EPOCH 140 starts at 2024-02-29 20:26:04
LOSS train 0.00884367 valid 0.01868924
LOSS valid PSNR 17.28 dB. 

EPOCH 141 starts at 2024-02-29 20:26:11
LOSS train 0.00875319 valid 0.01866268
LOSS valid PSNR 17.29 dB. 

EPOCH 142 starts at 2024-02-29 20:26:19
LOSS train 0.00882300 valid 0.02079342
LOSS valid PSNR 16.82 dB. 

EPOCH 143 starts at 2024-02-29 20:26:27
LOSS train 0.00934544 valid 0.01863125
LOSS valid PSNR 17.30 dB. 

EPOCH 144 starts at 2024-02-29 20:26:35
LOSS train 0.00889270 valid 0.01880865
LOSS valid PSNR 17.26 dB. 

EPOCH 145 starts at 2024-02-29 20:26:43
LOSS train 0.00874472 valid 0.01859961
LOSS valid PSNR 17.30 dB. 

EPOCH 146 starts at 2024-02-29 20:26:51
LOSS train 0.00854661 valid 0.01815315
LOSS valid PSNR 17.41 dB. 

EPOCH 147 starts at 2024-02-29 20:26:59
LOSS train 0.00845849 valid 0.01798085
LOSS valid PSNR 17.45 dB. 

EPOCH 148 starts at 2024-02-29 20:27:07
LOSS train 0.00836934 valid 0.01796708
LOSS valid PSNR 17.46 dB. 

EPOCH 149 starts at 2024-02-29 20:27:15
LOSS train 0.00908851 valid 0.02076308
LOSS valid PSNR 16.83 dB. 

EPOCH 150 starts at 2024-02-29 20:27:23
LOSS train 0.00917608 valid 0.01907982
LOSS valid PSNR 17.19 dB. 

EPOCH 151 starts at 2024-02-29 20:27:31
LOSS train 0.00871908 valid 0.01836598
LOSS valid PSNR 17.36 dB. 

EPOCH 152 starts at 2024-02-29 20:27:39
LOSS train 0.00843579 valid 0.01780715
LOSS valid PSNR 17.49 dB. 

EPOCH 153 starts at 2024-02-29 20:27:47
LOSS train 0.00828036 valid 0.01759420
LOSS valid PSNR 17.55 dB. 

EPOCH 154 starts at 2024-02-29 20:27:55
LOSS train 0.00820161 valid 0.01767059
LOSS valid PSNR 17.53 dB. 

EPOCH 155 starts at 2024-02-29 20:28:03
LOSS train 0.00869615 valid 0.01744168
LOSS valid PSNR 17.58 dB. 

EPOCH 156 starts at 2024-02-29 20:28:10
LOSS train 0.00841951 valid 0.01736613
LOSS valid PSNR 17.60 dB. 

EPOCH 157 starts at 2024-02-29 20:28:18
LOSS train 0.00825423 valid 0.01754758
LOSS valid PSNR 17.56 dB. 

EPOCH 158 starts at 2024-02-29 20:28:26
LOSS train 0.00809188 valid 0.01727337
LOSS valid PSNR 17.63 dB. 

EPOCH 159 starts at 2024-02-29 20:28:34
LOSS train 0.00801815 valid 0.01715402
LOSS valid PSNR 17.66 dB. 

EPOCH 160 starts at 2024-02-29 20:28:42
LOSS train 0.00793874 valid 0.01700880
LOSS valid PSNR 17.69 dB. 

EPOCH 161 starts at 2024-02-29 20:28:50
LOSS train 0.00810893 valid 0.01869794
LOSS valid PSNR 17.28 dB. 

EPOCH 162 starts at 2024-02-29 20:28:58
LOSS train 0.00887191 valid 0.02934311
LOSS valid PSNR 15.32 dB. 

EPOCH 163 starts at 2024-02-29 20:29:06
LOSS train 0.01144535 valid 0.02449359
LOSS valid PSNR 16.11 dB. 

EPOCH 164 starts at 2024-02-29 20:29:14
LOSS train 0.00983196 valid 0.01947514
LOSS valid PSNR 17.11 dB. 

EPOCH 165 starts at 2024-02-29 20:29:22
LOSS train 0.00893610 valid 0.01844304
LOSS valid PSNR 17.34 dB. 

EPOCH 166 starts at 2024-02-29 20:29:30
LOSS train 0.00843773 valid 0.01762692
LOSS valid PSNR 17.54 dB. 

EPOCH 167 starts at 2024-02-29 20:29:38
LOSS train 0.00811546 valid 0.01704182
LOSS valid PSNR 17.68 dB. 

EPOCH 168 starts at 2024-02-29 20:29:46
LOSS train 0.00792310 valid 0.01675487
LOSS valid PSNR 17.76 dB. 

EPOCH 169 starts at 2024-02-29 20:29:54
LOSS train 0.00778234 valid 0.01654061
LOSS valid PSNR 17.81 dB. 

EPOCH 170 starts at 2024-02-29 20:30:02
LOSS train 0.00767606 valid 0.01647120
LOSS valid PSNR 17.83 dB. 

EPOCH 171 starts at 2024-02-29 20:30:09
LOSS train 0.00766772 valid 0.01628319
LOSS valid PSNR 17.88 dB. 

EPOCH 172 starts at 2024-02-29 20:30:17
LOSS train 0.00760146 valid 0.01615932
LOSS valid PSNR 17.92 dB. 

EPOCH 173 starts at 2024-02-29 20:30:25
LOSS train 0.00753760 valid 0.01613517
LOSS valid PSNR 17.92 dB. 

EPOCH 174 starts at 2024-02-29 20:30:34
LOSS train 0.00762577 valid 0.01643033
LOSS valid PSNR 17.84 dB. 

EPOCH 175 starts at 2024-02-29 20:30:42
LOSS train 0.00757820 valid 0.01599708
LOSS valid PSNR 17.96 dB. 

EPOCH 176 starts at 2024-02-29 20:30:50
LOSS train 0.00752090 valid 0.01617646
LOSS valid PSNR 17.91 dB. 

EPOCH 177 starts at 2024-02-29 20:30:58
LOSS train 0.00757112 valid 0.01601270
LOSS valid PSNR 17.96 dB. 

EPOCH 178 starts at 2024-02-29 20:31:06
LOSS train 0.00748228 valid 0.01588568
LOSS valid PSNR 17.99 dB. 

EPOCH 179 starts at 2024-02-29 20:31:14
LOSS train 0.00753962 valid 0.01664072
LOSS valid PSNR 17.79 dB. 

EPOCH 180 starts at 2024-02-29 20:31:22
LOSS train 0.00753009 valid 0.01598751
LOSS valid PSNR 17.96 dB. 

EPOCH 181 starts at 2024-02-29 20:31:30
LOSS train 0.00740803 valid 0.01574911
LOSS valid PSNR 18.03 dB. 

EPOCH 182 starts at 2024-02-29 20:31:38
LOSS train 0.00735747 valid 0.01555044
LOSS valid PSNR 18.08 dB. 

EPOCH 183 starts at 2024-02-29 20:31:46
LOSS train 0.00734821 valid 0.01624035
LOSS valid PSNR 17.89 dB. 

EPOCH 184 starts at 2024-02-29 20:31:54
LOSS train 0.00793478 valid 0.01682789
LOSS valid PSNR 17.74 dB. 

EPOCH 185 starts at 2024-02-29 20:32:02
LOSS train 0.00777720 valid 0.01627919
LOSS valid PSNR 17.88 dB. 

EPOCH 186 starts at 2024-02-29 20:32:10
LOSS train 0.00749684 valid 0.01575780
LOSS valid PSNR 18.03 dB. 

EPOCH 187 starts at 2024-02-29 20:32:18
LOSS train 0.00738636 valid 0.01547113
LOSS valid PSNR 18.10 dB. 

EPOCH 188 starts at 2024-02-29 20:32:25
LOSS train 0.00724409 valid 0.01533980
LOSS valid PSNR 18.14 dB. 

EPOCH 189 starts at 2024-02-29 20:32:33
LOSS train 0.00716216 valid 0.01524997
LOSS valid PSNR 18.17 dB. 

EPOCH 190 starts at 2024-02-29 20:32:41
LOSS train 0.00714909 valid 0.01556309
LOSS valid PSNR 18.08 dB. 

EPOCH 191 starts at 2024-02-29 20:32:49
LOSS train 0.00819092 valid 0.01755758
LOSS valid PSNR 17.56 dB. 

EPOCH 192 starts at 2024-02-29 20:32:58
LOSS train 0.00771175 valid 0.01575661
LOSS valid PSNR 18.03 dB. 

EPOCH 193 starts at 2024-02-29 20:33:05
LOSS train 0.00734418 valid 0.01553224
LOSS valid PSNR 18.09 dB. 

EPOCH 194 starts at 2024-02-29 20:33:13
LOSS train 0.00715836 valid 0.01522062
LOSS valid PSNR 18.18 dB. 

EPOCH 195 starts at 2024-02-29 20:33:21
LOSS train 0.00706103 valid 0.01508812
LOSS valid PSNR 18.21 dB. 

EPOCH 196 starts at 2024-02-29 20:33:29
LOSS train 0.00702404 valid 0.01498069
LOSS valid PSNR 18.24 dB. 

EPOCH 197 starts at 2024-02-29 20:33:37
LOSS train 0.00700745 valid 0.01488214
LOSS valid PSNR 18.27 dB. 

EPOCH 198 starts at 2024-02-29 20:33:45
LOSS train 0.00717874 valid 0.01724344
LOSS valid PSNR 17.63 dB. 

EPOCH 199 starts at 2024-02-29 20:33:53
LOSS train 0.00777983 valid 0.01531157
LOSS valid PSNR 18.15 dB. 

EPOCH 200 starts at 2024-02-29 20:34:01
LOSS train 0.00722644 valid 0.01500516
LOSS valid PSNR 18.24 dB. 

EPOCH 201 starts at 2024-02-29 20:34:09
LOSS train 0.00703753 valid 0.01495200
LOSS valid PSNR 18.25 dB. 

EPOCH 202 starts at 2024-02-29 20:34:17
LOSS train 0.00695020 valid 0.01471903
LOSS valid PSNR 18.32 dB. 

EPOCH 203 starts at 2024-02-29 20:34:25
LOSS train 0.00688099 valid 0.01460223
LOSS valid PSNR 18.36 dB. 

EPOCH 204 starts at 2024-02-29 20:34:33
LOSS train 0.00682377 valid 0.01453540
LOSS valid PSNR 18.38 dB. 

EPOCH 205 starts at 2024-02-29 20:34:41
LOSS train 0.00744785 valid 0.01747016
LOSS valid PSNR 17.58 dB. 

EPOCH 206 starts at 2024-02-29 20:34:49
LOSS train 0.00768241 valid 0.01532141
LOSS valid PSNR 18.15 dB. 

EPOCH 207 starts at 2024-02-29 20:34:56
LOSS train 0.00719167 valid 0.01487169
LOSS valid PSNR 18.28 dB. 

EPOCH 208 starts at 2024-02-29 20:35:04
LOSS train 0.00694157 valid 0.01460289
LOSS valid PSNR 18.36 dB. 

EPOCH 209 starts at 2024-02-29 20:35:12
LOSS train 0.00679612 valid 0.01444078
LOSS valid PSNR 18.40 dB. 

EPOCH 210 starts at 2024-02-29 20:35:20
LOSS train 0.00675358 valid 0.01432928
LOSS valid PSNR 18.44 dB. 

EPOCH 211 starts at 2024-02-29 20:35:28
LOSS train 0.00670741 valid 0.01432266
LOSS valid PSNR 18.44 dB. 

EPOCH 212 starts at 2024-02-29 20:35:36
LOSS train 0.00682250 valid 0.01497527
LOSS valid PSNR 18.25 dB. 

EPOCH 213 starts at 2024-02-29 20:35:44
LOSS train 0.00678788 valid 0.01460761
LOSS valid PSNR 18.35 dB. 

EPOCH 214 starts at 2024-02-29 20:35:52
LOSS train 0.00671437 valid 0.01454798
LOSS valid PSNR 18.37 dB. 

EPOCH 215 starts at 2024-02-29 20:36:01
LOSS train 0.00669770 valid 0.01415950
LOSS valid PSNR 18.49 dB. 

EPOCH 216 starts at 2024-02-29 20:36:09
LOSS train 0.00661700 valid 0.01399248
LOSS valid PSNR 18.54 dB. 

EPOCH 217 starts at 2024-02-29 20:36:17
LOSS train 0.00656723 valid 0.01392962
LOSS valid PSNR 18.56 dB. 

EPOCH 218 starts at 2024-02-29 20:36:25
LOSS train 0.00675486 valid 0.01685854
LOSS valid PSNR 17.73 dB. 

EPOCH 219 starts at 2024-02-29 20:36:33
LOSS train 0.00770977 valid 0.01611694
LOSS valid PSNR 17.93 dB. 

EPOCH 220 starts at 2024-02-29 20:36:41
LOSS train 0.00704052 valid 0.01434372
LOSS valid PSNR 18.43 dB. 

EPOCH 221 starts at 2024-02-29 20:36:48
LOSS train 0.00672280 valid 0.01410853
LOSS valid PSNR 18.51 dB. 

EPOCH 222 starts at 2024-02-29 20:36:56
LOSS train 0.00657938 valid 0.01404324
LOSS valid PSNR 18.53 dB. 

EPOCH 223 starts at 2024-02-29 20:37:04
LOSS train 0.00652691 valid 0.01381346
LOSS valid PSNR 18.60 dB. 

EPOCH 224 starts at 2024-02-29 20:37:12
LOSS train 0.00656154 valid 0.01533268
LOSS valid PSNR 18.14 dB. 

EPOCH 225 starts at 2024-02-29 20:37:20
LOSS train 0.00685755 valid 0.01413089
LOSS valid PSNR 18.50 dB. 

EPOCH 226 starts at 2024-02-29 20:37:28
LOSS train 0.00653836 valid 0.01378064
LOSS valid PSNR 18.61 dB. 

EPOCH 227 starts at 2024-02-29 20:37:36
LOSS train 0.00644630 valid 0.01370503
LOSS valid PSNR 18.63 dB. 

EPOCH 228 starts at 2024-02-29 20:37:44
LOSS train 0.00640222 valid 0.01358693
LOSS valid PSNR 18.67 dB. 

EPOCH 229 starts at 2024-02-29 20:37:52
LOSS train 0.00644009 valid 0.01443911
LOSS valid PSNR 18.40 dB. 

EPOCH 230 starts at 2024-02-29 20:38:00
LOSS train 0.00658783 valid 0.01355466
LOSS valid PSNR 18.68 dB. 

EPOCH 231 starts at 2024-02-29 20:38:07
LOSS train 0.00639263 valid 0.01351015
LOSS valid PSNR 18.69 dB. 

EPOCH 232 starts at 2024-02-29 20:38:15
LOSS train 0.00640946 valid 0.01395483
LOSS valid PSNR 18.55 dB. 

EPOCH 233 starts at 2024-02-29 20:38:23
LOSS train 0.00634575 valid 0.01360921
LOSS valid PSNR 18.66 dB. 

EPOCH 234 starts at 2024-02-29 20:38:31
LOSS train 0.00637486 valid 0.01333840
LOSS valid PSNR 18.75 dB. 

EPOCH 235 starts at 2024-02-29 20:38:39
LOSS train 0.00630552 valid 0.01364703
LOSS valid PSNR 18.65 dB. 

EPOCH 236 starts at 2024-02-29 20:38:47
LOSS train 0.00651047 valid 0.01355540
LOSS valid PSNR 18.68 dB. 

EPOCH 237 starts at 2024-02-29 20:38:54
LOSS train 0.00632299 valid 0.01318083
LOSS valid PSNR 18.80 dB. 

EPOCH 238 starts at 2024-02-29 20:39:02
LOSS train 0.00621580 valid 0.01325930
LOSS valid PSNR 18.77 dB. 

EPOCH 239 starts at 2024-02-29 20:39:10
LOSS train 0.00613555 valid 0.01318109
LOSS valid PSNR 18.80 dB. 

EPOCH 240 starts at 2024-02-29 20:39:18
LOSS train 0.00667539 valid 0.01745410
LOSS valid PSNR 17.58 dB. 

EPOCH 241 starts at 2024-02-29 20:39:26
LOSS train 0.00724324 valid 0.01534776
LOSS valid PSNR 18.14 dB. 

EPOCH 242 starts at 2024-02-29 20:39:34
LOSS train 0.00684251 valid 0.01425441
LOSS valid PSNR 18.46 dB. 

EPOCH 243 starts at 2024-02-29 20:39:42
LOSS train 0.00651340 valid 0.01354036
LOSS valid PSNR 18.68 dB. 

EPOCH 244 starts at 2024-02-29 20:39:50
LOSS train 0.00628120 valid 0.01332908
LOSS valid PSNR 18.75 dB. 

EPOCH 245 starts at 2024-02-29 20:39:58
LOSS train 0.00618728 valid 0.01307423
LOSS valid PSNR 18.84 dB. 

EPOCH 246 starts at 2024-02-29 20:40:06
LOSS train 0.00607642 valid 0.01318205
LOSS valid PSNR 18.80 dB. 

EPOCH 247 starts at 2024-02-29 20:40:14
LOSS train 0.00716535 valid 0.01778558
LOSS valid PSNR 17.50 dB. 

EPOCH 248 starts at 2024-02-29 20:40:22
LOSS train 0.00719700 valid 0.01453452
LOSS valid PSNR 18.38 dB. 

EPOCH 249 starts at 2024-02-29 20:40:30
LOSS train 0.00649066 valid 0.01376938
LOSS valid PSNR 18.61 dB. 

EPOCH 250 starts at 2024-02-29 20:40:38
LOSS train 0.00626049 valid 0.01306421
LOSS valid PSNR 18.84 dB. 

EPOCH 251 starts at 2024-02-29 20:40:47
LOSS train 0.00608324 valid 0.01288952
LOSS valid PSNR 18.90 dB. 

EPOCH 252 starts at 2024-02-29 20:40:55
LOSS train 0.00601479 valid 0.01277117
LOSS valid PSNR 18.94 dB. 

EPOCH 253 starts at 2024-02-29 20:41:03
LOSS train 0.00597624 valid 0.01266288
LOSS valid PSNR 18.97 dB. 

EPOCH 254 starts at 2024-02-29 20:41:11
LOSS train 0.00592462 valid 0.01289903
LOSS valid PSNR 18.89 dB. 

EPOCH 255 starts at 2024-02-29 20:41:18
LOSS train 0.00682755 valid 0.01325560
LOSS valid PSNR 18.78 dB. 

EPOCH 256 starts at 2024-02-29 20:41:26
LOSS train 0.00636509 valid 0.01349863
LOSS valid PSNR 18.70 dB. 

EPOCH 257 starts at 2024-02-29 20:41:34
LOSS train 0.00615672 valid 0.01291478
LOSS valid PSNR 18.89 dB. 

EPOCH 258 starts at 2024-02-29 20:41:42
LOSS train 0.00601989 valid 0.01283994
LOSS valid PSNR 18.91 dB. 

EPOCH 259 starts at 2024-02-29 20:41:50
LOSS train 0.00597651 valid 0.01286040
LOSS valid PSNR 18.91 dB. 

EPOCH 260 starts at 2024-02-29 20:41:58
LOSS train 0.00591822 valid 0.01246797
LOSS valid PSNR 19.04 dB. 

EPOCH 261 starts at 2024-02-29 20:42:06
LOSS train 0.00586539 valid 0.01266659
LOSS valid PSNR 18.97 dB. 

EPOCH 262 starts at 2024-02-29 20:42:14
LOSS train 0.00590213 valid 0.01264418
LOSS valid PSNR 18.98 dB. 

EPOCH 263 starts at 2024-02-29 20:42:23
LOSS train 0.00581136 valid 0.01239299
LOSS valid PSNR 19.07 dB. 

EPOCH 264 starts at 2024-02-29 20:42:31
LOSS train 0.00597308 valid 0.01272886
LOSS valid PSNR 18.95 dB. 

EPOCH 265 starts at 2024-02-29 20:42:39
LOSS train 0.00581922 valid 0.01229042
LOSS valid PSNR 19.10 dB. 

EPOCH 266 starts at 2024-02-29 20:42:47
LOSS train 0.00573656 valid 0.01240410
LOSS valid PSNR 19.06 dB. 

EPOCH 267 starts at 2024-02-29 20:42:55
LOSS train 0.00587780 valid 0.01240476
LOSS valid PSNR 19.06 dB. 

EPOCH 268 starts at 2024-02-29 20:43:03
LOSS train 0.00573577 valid 0.01242740
LOSS valid PSNR 19.06 dB. 

EPOCH 269 starts at 2024-02-29 20:43:11
LOSS train 0.00602874 valid 0.01289287
LOSS valid PSNR 18.90 dB. 

EPOCH 270 starts at 2024-02-29 20:43:18
LOSS train 0.00583497 valid 0.01240189
LOSS valid PSNR 19.07 dB. 

EPOCH 271 starts at 2024-02-29 20:43:27
LOSS train 0.00578445 valid 0.01220937
LOSS valid PSNR 19.13 dB. 

EPOCH 272 starts at 2024-02-29 20:43:34
LOSS train 0.00567163 valid 0.01218822
LOSS valid PSNR 19.14 dB. 

EPOCH 273 starts at 2024-02-29 20:43:42
LOSS train 0.00603074 valid 0.01320613
LOSS valid PSNR 18.79 dB. 

EPOCH 274 starts at 2024-02-29 20:43:50
LOSS train 0.00594418 valid 0.01233916
LOSS valid PSNR 19.09 dB. 

EPOCH 275 starts at 2024-02-29 20:43:58
LOSS train 0.00577684 valid 0.01220998
LOSS valid PSNR 19.13 dB. 

EPOCH 276 starts at 2024-02-29 20:44:06
LOSS train 0.00571781 valid 0.01201542
LOSS valid PSNR 19.20 dB. 

EPOCH 277 starts at 2024-02-29 20:44:15
LOSS train 0.00567169 valid 0.01193515
LOSS valid PSNR 19.23 dB. 

EPOCH 278 starts at 2024-02-29 20:44:23
LOSS train 0.00567455 valid 0.01246259
LOSS valid PSNR 19.04 dB. 

EPOCH 279 starts at 2024-02-29 20:44:31
LOSS train 0.00585251 valid 0.01219311
LOSS valid PSNR 19.14 dB. 

EPOCH 280 starts at 2024-02-29 20:44:38
LOSS train 0.00571635 valid 0.01208859
LOSS valid PSNR 19.18 dB. 

EPOCH 281 starts at 2024-02-29 20:44:46
LOSS train 0.00560844 valid 0.01184860
LOSS valid PSNR 19.26 dB. 

EPOCH 282 starts at 2024-02-29 20:44:54
LOSS train 0.00553257 valid 0.01174170
LOSS valid PSNR 19.30 dB. 

EPOCH 283 starts at 2024-02-29 20:45:02
LOSS train 0.00566143 valid 0.01520183
LOSS valid PSNR 18.18 dB. 

EPOCH 284 starts at 2024-02-29 20:45:10
LOSS train 0.00684740 valid 0.01331849
LOSS valid PSNR 18.76 dB. 

EPOCH 285 starts at 2024-02-29 20:45:18
LOSS train 0.00599799 valid 0.01252473
LOSS valid PSNR 19.02 dB. 

EPOCH 286 starts at 2024-02-29 20:45:26
LOSS train 0.00574370 valid 0.01204844
LOSS valid PSNR 19.19 dB. 

EPOCH 287 starts at 2024-02-29 20:45:34
LOSS train 0.00562362 valid 0.01190006
LOSS valid PSNR 19.24 dB. 

EPOCH 288 starts at 2024-02-29 20:45:42
LOSS train 0.00553411 valid 0.01180011
LOSS valid PSNR 19.28 dB. 

EPOCH 289 starts at 2024-02-29 20:45:50
LOSS train 0.00573983 valid 0.01255811
LOSS valid PSNR 19.01 dB. 

EPOCH 290 starts at 2024-02-29 20:45:58
LOSS train 0.00562222 valid 0.01180552
LOSS valid PSNR 19.28 dB. 

EPOCH 291 starts at 2024-02-29 20:46:06
LOSS train 0.00548425 valid 0.01170202
LOSS valid PSNR 19.32 dB. 

EPOCH 292 starts at 2024-02-29 20:46:14
LOSS train 0.00548180 valid 0.01160463
LOSS valid PSNR 19.35 dB. 

EPOCH 293 starts at 2024-02-29 20:46:22
LOSS train 0.00542407 valid 0.01191274
LOSS valid PSNR 19.24 dB. 

EPOCH 294 starts at 2024-02-29 20:46:30
LOSS train 0.00565266 valid 0.01155063
LOSS valid PSNR 19.37 dB. 

EPOCH 295 starts at 2024-02-29 20:46:38
LOSS train 0.00550195 valid 0.01166007
LOSS valid PSNR 19.33 dB. 

EPOCH 296 starts at 2024-02-29 20:46:46
LOSS train 0.00541040 valid 0.01145989
LOSS valid PSNR 19.41 dB. 

EPOCH 297 starts at 2024-02-29 20:46:54
LOSS train 0.00534698 valid 0.01147222
LOSS valid PSNR 19.40 dB. 

EPOCH 298 starts at 2024-02-29 20:47:02
LOSS train 0.00575975 valid 0.01222426
LOSS valid PSNR 19.13 dB. 

EPOCH 299 starts at 2024-02-29 20:47:09
LOSS train 0.00565776 valid 0.01226226
LOSS valid PSNR 19.11 dB. 

EPOCH 300 starts at 2024-02-29 20:47:17
LOSS train 0.00559160 valid 0.01169985
LOSS valid PSNR 19.32 dB. 

EPOCH 301 starts at 2024-02-29 20:47:25
LOSS train 0.00548117 valid 0.01148343
LOSS valid PSNR 19.40 dB. 

EPOCH 302 starts at 2024-02-29 20:47:33
LOSS train 0.00538344 valid 0.01141918
LOSS valid PSNR 19.42 dB. 

EPOCH 303 starts at 2024-02-29 20:47:41
LOSS train 0.00530187 valid 0.01131465
LOSS valid PSNR 19.46 dB. 

EPOCH 304 starts at 2024-02-29 20:47:49
LOSS train 0.00527607 valid 0.01131013
LOSS valid PSNR 19.47 dB. 

EPOCH 305 starts at 2024-02-29 20:47:57
LOSS train 0.00649765 valid 0.01494209
LOSS valid PSNR 18.26 dB. 

EPOCH 306 starts at 2024-02-29 20:48:05
LOSS train 0.00634491 valid 0.01244611
LOSS valid PSNR 19.05 dB. 

EPOCH 307 starts at 2024-02-29 20:48:13
LOSS train 0.00568629 valid 0.01171554
LOSS valid PSNR 19.31 dB. 

EPOCH 308 starts at 2024-02-29 20:48:20
LOSS train 0.00548347 valid 0.01148720
LOSS valid PSNR 19.40 dB. 

EPOCH 309 starts at 2024-02-29 20:48:28
LOSS train 0.00532728 valid 0.01129081
LOSS valid PSNR 19.47 dB. 

EPOCH 310 starts at 2024-02-29 20:48:36
LOSS train 0.00527602 valid 0.01116661
LOSS valid PSNR 19.52 dB. 

EPOCH 311 starts at 2024-02-29 20:48:44
LOSS train 0.00524984 valid 0.01127436
LOSS valid PSNR 19.48 dB. 

EPOCH 312 starts at 2024-02-29 20:48:52
LOSS train 0.00532957 valid 0.01133007
LOSS valid PSNR 19.46 dB. 

EPOCH 313 starts at 2024-02-29 20:49:00
LOSS train 0.00519638 valid 0.01118319
LOSS valid PSNR 19.51 dB. 

EPOCH 314 starts at 2024-02-29 20:49:08
LOSS train 0.00535641 valid 0.01221355
LOSS valid PSNR 19.13 dB. 

EPOCH 315 starts at 2024-02-29 20:49:16
LOSS train 0.00543956 valid 0.01175712
LOSS valid PSNR 19.30 dB. 

EPOCH 316 starts at 2024-02-29 20:49:24
LOSS train 0.00533506 valid 0.01140897
LOSS valid PSNR 19.43 dB. 

EPOCH 317 starts at 2024-02-29 20:49:32
LOSS train 0.00523551 valid 0.01123371
LOSS valid PSNR 19.49 dB. 

EPOCH 318 starts at 2024-02-29 20:49:40
LOSS train 0.00521739 valid 0.01099141
LOSS valid PSNR 19.59 dB. 

EPOCH 319 starts at 2024-02-29 20:49:47
LOSS train 0.00518724 valid 0.01105088
LOSS valid PSNR 19.57 dB. 

EPOCH 320 starts at 2024-02-29 20:49:55
LOSS train 0.00529537 valid 0.01231479
LOSS valid PSNR 19.10 dB. 

EPOCH 321 starts at 2024-02-29 20:50:03
LOSS train 0.00571954 valid 0.01224689
LOSS valid PSNR 19.12 dB. 

EPOCH 322 starts at 2024-02-29 20:50:11
LOSS train 0.00542592 valid 0.01127954
LOSS valid PSNR 19.48 dB. 

EPOCH 323 starts at 2024-02-29 20:50:19
LOSS train 0.00526361 valid 0.01102551
LOSS valid PSNR 19.58 dB. 

EPOCH 324 starts at 2024-02-29 20:50:27
LOSS train 0.00516731 valid 0.01100147
LOSS valid PSNR 19.59 dB. 

EPOCH 325 starts at 2024-02-29 20:50:35
LOSS train 0.00515585 valid 0.01089353
LOSS valid PSNR 19.63 dB. 

EPOCH 326 starts at 2024-02-29 20:50:43
LOSS train 0.00524960 valid 0.01141012
LOSS valid PSNR 19.43 dB. 

EPOCH 327 starts at 2024-02-29 20:50:51
LOSS train 0.00517072 valid 0.01113699
LOSS valid PSNR 19.53 dB. 

EPOCH 328 starts at 2024-02-29 20:50:59
LOSS train 0.00514266 valid 0.01100117
LOSS valid PSNR 19.59 dB. 

EPOCH 329 starts at 2024-02-29 20:51:07
LOSS train 0.00511845 valid 0.01092383
LOSS valid PSNR 19.62 dB. 

EPOCH 330 starts at 2024-02-29 20:51:15
LOSS train 0.00511427 valid 0.01137666
LOSS valid PSNR 19.44 dB. 

EPOCH 331 starts at 2024-02-29 20:51:23
